[2025-12-30T19:17:34.5427252-06:00] [FieldSquire.Behaviors.SquireSpawnBehavior] [INF]: OnSessionLaunched: Verified Squire: Your Squire (ID: field_squire) in Clan: fen Uimach
[2025-12-30T19:31:10.1884911-06:00] [FieldSquire.Behaviors.SquireSpawnBehavior] [INF]: OnSessionLaunched: Verified Squire: Your Squire (ID: field_squire) in Clan: fen Uimach
[2025-12-30T19:42:31.2826384-06:00] [FieldSquire.Behaviors.SquireSpawnBehavior] [INF]: OnSessionLaunched: Verified Squire: Your Squire (ID: field_squire) in Clan: fen Uimach
[2025-12-30T20:26:53.9826881-06:00] [FieldSquire.Behaviors.SquireSpawnBehavior] [INF]: OnSessionLaunched: Verified Squire: Your Squire (ID: field_squire) in Clan: fen Uimach
[2025-12-30T20:27:32.3422298-06:00] [FieldSquire.Behaviors.SquireSpawnBehavior] [INF]: OnDailyTick: Verified Squire: Your Squire (ID: field_squire) in Clan: fen Uimach
[2025-12-30T20:27:52.4138094-06:00] [FieldSquire.Behaviors.SquireSpawnBehavior] [INF]: OnDailyTick: Verified Squire: Your Squire (ID: field_squire) in Clan: fen Uimach
[2025-12-30T20:27:54.8760768-06:00] [FieldSquire.Behaviors.SquireLogisticsBehavior] [INF]: RunLogistics: Squire bought: 1 Butter (-17 Gold).
[2025-12-30T20:27:55.7553213-06:00] [FieldSquire.Behaviors.SquireLogisticsBehavior] [INF]: RunLogistics: Squire bought: 6 Grain (-36 Gold).
[2025-12-30T20:27:56.5469696-06:00] [FieldSquire.Behaviors.SquireLogisticsBehavior] [INF]: RunLogistics: Squire bought: 5 Grain (-30 Gold).
[2025-12-30T20:27:57.4089923-06:00] [FieldSquire.Behaviors.SquireLogisticsBehavior] [INF]: RunLogistics: Squire bought: 3 Grain (-18 Gold).
[2025-12-30T20:27:58.2484957-06:00] [FieldSquire.Behaviors.SquireLogisticsBehavior] [INF]: RunLogistics: Squire bought: 1 Cheese (-41 Gold).
[2025-12-30T20:27:59.9008360-06:00] [FieldSquire.Behaviors.SquireLogisticsBehavior] [INF]: RunLogistics: Squire bought: 1 Grain (-6 Gold).
[2025-12-30T20:28:01.5741236-06:00] [FieldSquire.Behaviors.SquireLogisticsBehavior] [INF]: RunLogistics: Squire bought: 1 Cheese (-41 Gold).
[2025-12-30T20:28:12.3873090-06:00] [FieldSquire.Behaviors.SquireSpawnBehavior] [INF]: OnDailyTick: Verified Squire: Your Squire (ID: field_squire) in Clan: fen Uimach
[2025-12-30T20:28:19.0502176-06:00] [FieldSquire.Behaviors.SquireLogisticsBehavior] [INF]: RunLogistics: Squire bought: 3 Grain (-18 Gold).
[2025-12-30T20:28:32.3926356-06:00] [FieldSquire.Behaviors.SquireSpawnBehavior] [INF]: OnDailyTick: Verified Squire: Your Squire (ID: field_squire) in Clan: fen Uimach
[2025-12-30T20:28:52.4081614-06:00] [FieldSquire.Behaviors.SquireSpawnBehavior] [INF]: OnDailyTick: Verified Squire: Your Squire (ID: field_squire) in Clan: fen Uimach
[2025-12-30T20:29:12.4168902-06:00] [FieldSquire.Behaviors.SquireSpawnBehavior] [INF]: OnDailyTick: Verified Squire: Your Squire (ID: field_squire) in Clan: fen Uimach
[2025-12-30T20:29:19.0776921-06:00] [FieldSquire.Behaviors.SquireLogisticsBehavior] [INF]: RunLogistics: Squire bought: 2 Butter (-34 Gold).
[2025-12-30T20:29:32.4100821-06:00] [FieldSquire.Behaviors.SquireSpawnBehavior] [INF]: OnDailyTick: Verified Squire: Your Squire (ID: field_squire) in Clan: fen Uimach
[2025-12-30T20:29:39.1073199-06:00] [FieldSquire.Behaviors.SquireLogisticsBehavior] [INF]: RunLogistics: Squire bought: 1 Cheese, 5 Fish (-207 Gold).
[2025-12-30T20:35:08.5062913-06:00] [FieldSquire.Behaviors.SquireSpawnBehavior] [INF]: OnSessionLaunched: Verified Squire: Your Squire (ID: field_squire) in Clan: fen Uimach
[2025-12-30T20:36:14.6421057-06:00] [FieldSquire.Behaviors.SquireSpawnBehavior] [INF]: OnDailyTick: Verified Squire: Your Squire (ID: field_squire) in Clan: fen Uimach
[2025-12-30T20:37:38.0163615-06:00] [FieldSquire.Behaviors.SquireSpawnBehavior] [INF]: OnDailyTick: Verified Squire: Your Squire (ID: field_squire) in Clan: fen Uimach
[2025-12-30T20:37:41.3001293-06:00] [FieldSquire.Behaviors.SquireLogisticsBehavior] [INF]: RunLogistics: Squire bought: 2 Grain (-12 Gold).
[2025-12-30T20:37:42.1307895-06:00] [FieldSquire.Behaviors.SquireLogisticsBehavior] [INF]: RunLogistics: Squire bought: 2 Butter (-34 Gold).
[2025-12-30T20:37:42.9818049-06:00] [FieldSquire.Behaviors.SquireLogisticsBehavior] [INF]: RunLogistics: Squire bought: 6 Grain (-36 Gold).
[2025-12-30T20:37:43.7970017-06:00] [FieldSquire.Behaviors.SquireLogisticsBehavior] [INF]: RunLogistics: Squire bought: 6 Grain (-36 Gold).
[2025-12-30T20:37:46.3435823-06:00] [FieldSquire.Behaviors.SquireLogisticsBehavior] [INF]: RunLogistics: Squire bought: 4 Grain (-24 Gold).
[2025-12-30T20:37:47.9709103-06:00] [FieldSquire.Behaviors.SquireLogisticsBehavior] [INF]: RunLogistics: Squire bought: 1 Cheese (-40 Gold).
[2025-12-30T20:37:57.9757171-06:00] [FieldSquire.Behaviors.SquireSpawnBehavior] [INF]: OnDailyTick: Verified Squire: Your Squire (ID: field_squire) in Clan: fen Uimach
[2025-12-30T20:38:04.6367321-06:00] [FieldSquire.Behaviors.SquireLogisticsBehavior] [INF]: RunLogistics: Squire bought: 1 Butter, 1 Grain (-22 Gold).
[2025-12-30T20:38:17.9906770-06:00] [FieldSquire.Behaviors.SquireSpawnBehavior] [INF]: OnDailyTick: Verified Squire: Your Squire (ID: field_squire) in Clan: fen Uimach
[2025-12-30T20:38:24.6475376-06:00] [FieldSquire.Behaviors.SquireLogisticsBehavior] [INF]: RunLogistics: Squire bought: 1 Cheese (-43 Gold).
[2025-12-30T20:40:07.3686401-06:00] [FieldSquire.Behaviors.SquireSpawnBehavior] [INF]: OnDailyTick: Verified Squire: Your Squire (ID: field_squire) in Clan: fen Uimach
[2025-12-30T20:40:11.7038484-06:00] [FieldSquire.Behaviors.SquireLogisticsBehavior] [INF]: RunLogistics: Squire bought: 7 Butter, 3 Cheese, 7 Beer, 20 Meat, 20 Grapes (-1386 Gold).
[2025-12-30T20:40:27.3237569-06:00] [FieldSquire.Behaviors.SquireLogisticsBehavior] [INF]: RunLogistics: Squire bought: 3 Butter (-60 Gold).
[2025-12-30T20:40:28.1423153-06:00] [FieldSquire.Behaviors.SquireLogisticsBehavior] [INF]: RunLogistics: Squire bought: 1 Cheese (-42 Gold).
[2025-12-30T20:40:33.0190479-06:00] [FieldSquire.Behaviors.SquireLogisticsBehavior] [INF]: RunLogistics: Squire bought: 1 Meat (-16 Gold).
[2025-12-30T20:40:42.1666061-06:00] [FieldSquire.Behaviors.SquireLogisticsBehavior] [INF]: RunLogistics: Squire bought: 3 Cheese, 4 Butter (-196 Gold).
[2025-12-30T20:40:43.0153858-06:00] [FieldSquire.Behaviors.SquireLogisticsBehavior] [INF]: RunLogistics: Squire bought: 4 Beer (-340 Gold).
[2025-12-30T20:40:43.8426340-06:00] [FieldSquire.Behaviors.SquireLogisticsBehavior] [INF]: RunLogistics: Squire bought: 1 Beer (-93 Gold).
[2025-12-30T20:40:43.8501750-06:00] [FieldSquire.Behaviors.SquireSpawnBehavior] [INF]: OnDailyTick: Verified Squire: Your Squire (ID: field_squire) in Clan: fen Uimach
[2025-12-30T20:40:53.0200895-06:00] [FieldSquire.Behaviors.SquireLogisticsBehavior] [INF]: RunLogistics: Squire bought: 1 Grapes (-13 Gold).
[2025-12-30T20:40:56.3589291-06:00] [FieldSquire.Behaviors.SquireLogisticsBehavior] [INF]: RunLogistics: Squire bought: 1 Cheese, 1 Butter (-68 Gold).
[2025-12-30T20:41:37.1392830-06:00] [FieldSquire.Behaviors.SquireLogisticsBehavior] [INF]: RunLogistics: Squire bought: 3 Beer (-252 Gold).
[2025-12-30T20:41:37.9733885-06:00] [FieldSquire.Behaviors.SquireSpawnBehavior] [INF]: OnDailyTick: Verified Squire: Your Squire (ID: field_squire) in Clan: fen Uimach
[2025-12-30T20:41:39.6105797-06:00] [FieldSquire.Behaviors.SquireLogisticsBehavior] [INF]: RunLogistics: Squire bought: 1 Beer (-90 Gold).
[2025-12-30T20:41:42.1858165-06:00] [FieldSquire.Behaviors.SquireLogisticsBehavior] [INF]: RunLogistics: Squire bought: 1 Cheese (-42 Gold).
[2025-12-30T20:41:43.8167763-06:00] [FieldSquire.Behaviors.SquireLogisticsBehavior] [INF]: RunLogistics: Squire bought: 1 Cheese (-44 Gold).
[2025-12-30T20:41:48.8131246-06:00] [FieldSquire.Behaviors.SquireLogisticsBehavior] [INF]: RunLogistics: Squire bought: 1 Cheese (-46 Gold).
[2025-12-30T20:41:51.3237003-06:00] [FieldSquire.Behaviors.SquireLogisticsBehavior] [INF]: RunLogistics: Squire bought: 1 Cheese (-47 Gold).
[2025-12-30T20:41:53.0005138-06:00] [FieldSquire.Behaviors.SquireLogisticsBehavior] [INF]: RunLogistics: Squire bought: 1 Cheese (-50 Gold).
[2025-12-30T20:41:55.5002988-06:00] [FieldSquire.Behaviors.SquireLogisticsBehavior] [INF]: RunLogistics: Squire bought: 1 Cheese (-50 Gold).
[2025-12-30T20:41:57.9740191-06:00] [FieldSquire.Behaviors.SquireLogisticsBehavior] [INF]: RunLogistics: Squire bought: 1 Cheese (-51 Gold).
[2025-12-30T20:41:57.9812044-06:00] [FieldSquire.Behaviors.SquireSpawnBehavior] [INF]: OnDailyTick: Verified Squire: Your Squire (ID: field_squire) in Clan: fen Uimach
[2025-12-30T20:42:00.4914235-06:00] [FieldSquire.Behaviors.SquireLogisticsBehavior] [INF]: RunLogistics: Squire bought: 1 Date Fruit (-69 Gold).
[2025-12-30T20:42:03.8343466-06:00] [FieldSquire.Behaviors.SquireLogisticsBehavior] [INF]: RunLogistics: Squire bought: 1 Date Fruit (-77 Gold).
[2025-12-30T20:42:08.8523823-06:00] [FieldSquire.Behaviors.SquireLogisticsBehavior] [INF]: RunLogistics: Squire bought: 1 Fish (-29 Gold).
[2025-12-30T20:42:10.5080143-06:00] [FieldSquire.Behaviors.SquireLogisticsBehavior] [INF]: RunLogistics: Squire bought: 1 Fish (-29 Gold).
[2025-12-30T20:42:11.3491637-06:00] [FieldSquire.Behaviors.SquireLogisticsBehavior] [INF]: RunLogistics: Squire bought: 1 Fish (-30 Gold).
[2025-12-30T21:02:09.1471940-06:00] [FieldSquire.Behaviors.SquireSpawnBehavior] [INF]: OnSessionLaunched: Verified Squire: Your Squire (ID: field_squire) in Clan: fen Uimach
[2025-12-30T21:02:30.0563561-06:00] [FieldSquire.Behaviors.SquireLogisticsBehavior] [INF]: RunLogistics: Squire bought: 1 Fish (-31 Gold).
[2025-12-30T21:02:43.9611022-06:00] [FieldSquire.Behaviors.SquireLogisticsBehavior] [INF]: RunLogistics: Squire bought: 1 Cheese (-49 Gold).
[2025-12-30T21:02:45.6557273-06:00] [FieldSquire.Behaviors.SquireLogisticsBehavior] [INF]: RunLogistics: Squire bought: 1 Fish (-32 Gold).
[2025-12-30T21:02:47.3266073-06:00] [FieldSquire.Behaviors.SquireLogisticsBehavior] [INF]: RunLogistics: Squire bought: 1 Fish (-33 Gold).
[2025-12-30T21:02:47.3370619-06:00] [FieldSquire.Behaviors.SquireSpawnBehavior] [INF]: OnDailyTick: Verified Squire: Your Squire (ID: field_squire) in Clan: fen Uimach
[2025-12-30T21:02:49.0263829-06:00] [FieldSquire.Behaviors.SquireLogisticsBehavior] [INF]: RunLogistics: Squire bought: 1 Fish (-34 Gold).
[2025-12-30T21:02:50.7056498-06:00] [FieldSquire.Behaviors.SquireLogisticsBehavior] [INF]: RunLogistics: Squire bought: 1 Fish (-36 Gold).
[2025-12-30T21:02:51.5069449-06:00] [FieldSquire.Behaviors.SquireLogisticsBehavior] [INF]: RunLogistics: Squire bought: 1 Fish (-37 Gold).
[2025-12-30T21:02:57.3622758-06:00] [FieldSquire.Behaviors.SquireLogisticsBehavior] [INF]: RunLogistics: Squire bought: 1 Fish (-43 Gold).
[2025-12-30T21:02:59.8632465-06:00] [FieldSquire.Behaviors.SquireLogisticsBehavior] [INF]: RunLogistics: Squire bought: 1 Cheese (-54 Gold).
[2025-12-30T21:03:02.3704758-06:00] [FieldSquire.Behaviors.SquireLogisticsBehavior] [INF]: RunLogistics: Squire bought: 1 Beer (-71 Gold).
[2025-12-30T21:03:07.4671978-06:00] [FieldSquire.Behaviors.SquireLogisticsBehavior] [INF]: RunLogistics: Squire bought: 1 Beer (-72 Gold).
[2025-12-30T21:03:09.1086140-06:00] [FieldSquire.Behaviors.SquireSpawnBehavior] [INF]: OnDailyTick: Verified Squire: Your Squire (ID: field_squire) in Clan: fen Uimach
[2025-12-30T21:03:10.7841951-06:00] [FieldSquire.Behaviors.SquireLogisticsBehavior] [INF]: RunLogistics: Squire bought: 1 Beer (-74 Gold).
[2025-12-30T21:03:14.0984496-06:00] [FieldSquire.Behaviors.SquireLogisticsBehavior] [INF]: RunLogistics: Squire bought: 1 Beer (-75 Gold).
[2025-12-30T21:03:19.9557785-06:00] [FieldSquire.Behaviors.SquireLogisticsBehavior] [INF]: RunLogistics: Squire bought: 1 Cheese (-52 Gold).
[2025-12-30T21:03:22.4668071-06:00] [FieldSquire.Behaviors.SquireLogisticsBehavior] [INF]: RunLogistics: Squire bought: 1 Cheese (-54 Gold).
[2025-12-30T21:03:24.9547761-06:00] [FieldSquire.Behaviors.SquireLogisticsBehavior] [INF]: RunLogistics: Squire bought: 1 Beer (-69 Gold).
[2025-12-30T21:03:29.1356012-06:00] [FieldSquire.Behaviors.SquireLogisticsBehavior] [INF]: RunLogistics: Squire bought: 1 Date Fruit (-83 Gold).
[2025-12-30T21:03:29.1430583-06:00] [FieldSquire.Behaviors.SquireSpawnBehavior] [INF]: OnDailyTick: Verified Squire: Your Squire (ID: field_squire) in Clan: fen Uimach
[2025-12-30T21:03:32.4323640-06:00] [FieldSquire.Behaviors.SquireLogisticsBehavior] [INF]: RunLogistics: Squire bought: 1 Cheese (-52 Gold).
[2025-12-30T21:03:37.4523548-06:00] [FieldSquire.Behaviors.SquireLogisticsBehavior] [INF]: RunLogistics: Squire bought: 1 Meat (-15 Gold).
[2025-12-30T21:03:49.1560464-06:00] [FieldSquire.Behaviors.SquireSpawnBehavior] [INF]: OnDailyTick: Verified Squire: Your Squire (ID: field_squire) in Clan: fen Uimach
[2025-12-30T21:03:57.5139841-06:00] [FieldSquire.Behaviors.SquireLogisticsBehavior] [INF]: RunLogistics: Squire bought: 1 Beer (-56 Gold).
[2025-12-30T21:04:09.2023828-06:00] [FieldSquire.Behaviors.SquireSpawnBehavior] [INF]: OnDailyTick: Verified Squire: Your Squire (ID: field_squire) in Clan: fen Uimach
[2025-12-30T21:04:17.5292944-06:00] [FieldSquire.Behaviors.SquireLogisticsBehavior] [INF]: RunLogistics: Squire bought: 1 Meat (-15 Gold).
[2025-12-30T21:04:22.5030059-06:00] [FieldSquire.Behaviors.SquireLogisticsBehavior] [INF]: RunLogistics: Squire bought: 8 Fish (-280 Gold).
[2025-12-30T21:04:29.1863916-06:00] [FieldSquire.Behaviors.SquireSpawnBehavior] [INF]: OnDailyTick: Verified Squire: Your Squire (ID: field_squire) in Clan: fen Uimach
[2025-12-30T21:04:44.1792411-06:00] [FieldSquire.Behaviors.SquireLogisticsBehavior] [INF]: RunLogistics: Squire bought: 1 Fish (-18 Gold).
[2025-12-30T21:05:30.4965472-06:00] [FieldSquire.Behaviors.SquireSpawnBehavior] [INF]: OnDailyTick: Verified Squire: Your Squire (ID: field_squire) in Clan: fen Uimach
[2025-12-30T21:05:50.5030597-06:00] [FieldSquire.Behaviors.SquireSpawnBehavior] [INF]: OnDailyTick: Verified Squire: Your Squire (ID: field_squire) in Clan: fen Uimach
[2025-12-30T21:05:59.0572307-06:00] [FieldSquire.Behaviors.SquireLogisticsBehavior] [INF]: RunLogistics: Squire bought: 1 Meat (-14 Gold).
[2025-12-30T21:06:10.7341343-06:00] [FieldSquire.Behaviors.SquireSpawnBehavior] [INF]: OnDailyTick: Verified Squire: Your Squire (ID: field_squire) in Clan: fen Uimach
[2025-12-30T21:06:14.9297976-06:00] [FieldSquire.Behaviors.SquireLogisticsBehavior] [INF]: RunLogistics: Squire bought: 6 Date Fruit (-342 Gold).
[2025-12-30T21:06:29.8974012-06:00] [FieldSquire.Behaviors.SquireLogisticsBehavior] [INF]: RunLogistics: Squire bought: 5 Date Fruit (-310 Gold).
[2025-12-30T21:06:30.7714509-06:00] [FieldSquire.Behaviors.SquireSpawnBehavior] [INF]: OnDailyTick: Verified Squire: Your Squire (ID: field_squire) in Clan: fen Uimach
[2025-12-30T21:06:39.0657196-06:00] [FieldSquire.Behaviors.SquireLogisticsBehavior] [INF]: RunLogistics: Squire bought: 4 Olives, 1 Butter (-184 Gold).
[2025-12-30T21:06:43.2517088-06:00] [FieldSquire.Behaviors.SquireLogisticsBehavior] [INF]: RunLogistics: Squire bought: 7 Olives (-238 Gold).
[2025-12-30T21:06:46.5655462-06:00] [FieldSquire.Behaviors.SquireLogisticsBehavior] [INF]: RunLogistics: Squire bought: 6 Olives (-216 Gold).
[2025-12-30T21:06:50.7375039-06:00] [FieldSquire.Behaviors.SquireSpawnBehavior] [INF]: OnDailyTick: Verified Squire: Your Squire (ID: field_squire) in Clan: fen Uimach
[2025-12-30T21:07:12.2939873-06:00] [FieldSquire.Behaviors.SquireSpawnBehavior] [INF]: OnDailyTick: Verified Squire: Your Squire (ID: field_squire) in Clan: fen Uimach
[2025-12-30T21:07:13.0992596-06:00] [FieldSquire.Behaviors.SquireLogisticsBehavior] [INF]: RunLogistics: Squire bought: 10 Date Fruit (-400 Gold).
[2025-12-30T21:07:20.5996033-06:00] [FieldSquire.Behaviors.SquireLogisticsBehavior] [INF]: RunLogistics: Squire bought: 1 Fish (-17 Gold).
[2025-12-30T21:07:32.2980818-06:00] [FieldSquire.Behaviors.SquireSpawnBehavior] [INF]: OnDailyTick: Verified Squire: Your Squire (ID: field_squire) in Clan: fen Uimach
[2025-12-30T21:07:50.6132844-06:00] [FieldSquire.Behaviors.SquireLogisticsBehavior] [INF]: RunLogistics: Squire bought: 4 Olives (-160 Gold).
[2025-12-30T21:07:52.2838041-06:00] [FieldSquire.Behaviors.SquireSpawnBehavior] [INF]: OnDailyTick: Verified Squire: Your Squire (ID: field_squire) in Clan: fen Uimach
[2025-12-30T21:08:00.5972138-06:00] [FieldSquire.Behaviors.SquireLogisticsBehavior] [INF]: RunLogistics: Squire bought: 1 Meat (-15 Gold).
[2025-12-30T21:08:12.2931040-06:00] [FieldSquire.Behaviors.SquireSpawnBehavior] [INF]: OnDailyTick: Verified Squire: Your Squire (ID: field_squire) in Clan: fen Uimach
[2025-12-30T21:08:20.5955093-06:00] [FieldSquire.Behaviors.SquireLogisticsBehavior] [INF]: RunLogistics: Squire bought: 1 Butter (-17 Gold).
[2025-12-30T21:08:32.2980615-06:00] [FieldSquire.Behaviors.SquireSpawnBehavior] [INF]: OnDailyTick: Verified Squire: Your Squire (ID: field_squire) in Clan: fen Uimach
[2025-12-30T21:08:52.2950319-06:00] [FieldSquire.Behaviors.SquireSpawnBehavior] [INF]: OnDailyTick: Verified Squire: Your Squire (ID: field_squire) in Clan: fen Uimach
[2025-12-30T21:09:00.6081890-06:00] [FieldSquire.Behaviors.SquireLogisticsBehavior] [INF]: RunLogistics: Squire bought: 1 Grain (-4 Gold).
[2025-12-30T21:09:12.3043604-06:00] [FieldSquire.Behaviors.SquireSpawnBehavior] [INF]: OnDailyTick: Verified Squire: Your Squire (ID: field_squire) in Clan: fen Uimach
[2025-12-30T21:09:20.6279490-06:00] [FieldSquire.Behaviors.SquireLogisticsBehavior] [INF]: RunLogistics: Squire bought: 1 Meat (-13 Gold).
[2025-12-30T21:09:32.3002319-06:00] [FieldSquire.Behaviors.SquireSpawnBehavior] [INF]: OnDailyTick: Verified Squire: Your Squire (ID: field_squire) in Clan: fen Uimach
[2025-12-30T21:09:40.6281676-06:00] [FieldSquire.Behaviors.SquireLogisticsBehavior] [INF]: RunLogistics: Squire bought: 1 Grain (-4 Gold).
[2025-12-30T21:09:52.2800222-06:00] [FieldSquire.Behaviors.SquireSpawnBehavior] [INF]: OnDailyTick: Verified Squire: Your Squire (ID: field_squire) in Clan: fen Uimach
[2025-12-30T21:10:12.3030271-06:00] [FieldSquire.Behaviors.SquireSpawnBehavior] [INF]: OnDailyTick: Verified Squire: Your Squire (ID: field_squire) in Clan: fen Uimach
[2025-12-30T21:10:20.6053445-06:00] [FieldSquire.Behaviors.SquireLogisticsBehavior] [INF]: RunLogistics: Squire bought: 1 Beer (-30 Gold).
[2025-12-30T21:10:32.3128166-06:00] [FieldSquire.Behaviors.SquireSpawnBehavior] [INF]: OnDailyTick: Verified Squire: Your Squire (ID: field_squire) in Clan: fen Uimach
[2025-12-30T21:10:52.3053778-06:00] [FieldSquire.Behaviors.SquireSpawnBehavior] [INF]: OnDailyTick: Verified Squire: Your Squire (ID: field_squire) in Clan: fen Uimach
[2025-12-30T21:11:12.3071556-06:00] [FieldSquire.Behaviors.SquireSpawnBehavior] [INF]: OnDailyTick: Verified Squire: Your Squire (ID: field_squire) in Clan: fen Uimach
[2025-12-30T21:11:20.6070958-06:00] [FieldSquire.Behaviors.SquireLogisticsBehavior] [INF]: RunLogistics: Squire bought: 1 Cheese (-27 Gold).
[2025-12-30T21:11:32.2830634-06:00] [FieldSquire.Behaviors.SquireSpawnBehavior] [INF]: OnDailyTick: Verified Squire: Your Squire (ID: field_squire) in Clan: fen Uimach
[2025-12-30T21:11:40.6232303-06:00] [FieldSquire.Behaviors.SquireLogisticsBehavior] [INF]: RunLogistics: Squire bought: 1 Grain (-3 Gold).
[2025-12-30T21:11:52.3139891-06:00] [FieldSquire.Behaviors.SquireSpawnBehavior] [INF]: OnDailyTick: Verified Squire: Your Squire (ID: field_squire) in Clan: fen Uimach
[2025-12-30T21:12:03.9529856-06:00] [FieldSquire.Behaviors.SquireLogisticsBehavior] [INF]: RunLogistics: Squire bought: 2 Fish (-38 Gold).
[2025-12-30T21:12:08.0906455-06:00] [FieldSquire.Behaviors.SquireLogisticsBehavior] [INF]: RunLogistics: Squire bought: 1 Olives (-35 Gold).
[2025-12-30T21:12:13.9362467-06:00] [FieldSquire.Behaviors.SquireSpawnBehavior] [INF]: OnDailyTick: Verified Squire: Your Squire (ID: field_squire) in Clan: fen Uimach
[2025-12-30T21:12:22.2596791-06:00] [FieldSquire.Behaviors.SquireLogisticsBehavior] [INF]: RunLogistics: Squire bought: 1 Butter (-20 Gold).
[2025-12-30T21:12:33.9335289-06:00] [FieldSquire.Behaviors.SquireSpawnBehavior] [INF]: OnDailyTick: Verified Squire: Your Squire (ID: field_squire) in Clan: fen Uimach
[2025-12-30T21:12:42.2755958-06:00] [FieldSquire.Behaviors.SquireLogisticsBehavior] [INF]: RunLogistics: Squire bought: 1 Cheese (-26 Gold).
[2025-12-30T21:12:53.9440856-06:00] [FieldSquire.Behaviors.SquireSpawnBehavior] [INF]: OnDailyTick: Verified Squire: Your Squire (ID: field_squire) in Clan: fen Uimach
[2025-12-30T21:13:02.2735011-06:00] [FieldSquire.Behaviors.SquireLogisticsBehavior] [INF]: RunLogistics: Squire bought: 1 Butter (-20 Gold).
[2025-12-30T21:13:15.4960219-06:00] [FieldSquire.Behaviors.SquireSpawnBehavior] [INF]: OnDailyTick: Verified Squire: Your Squire (ID: field_squire) in Clan: fen Uimach
[2025-12-30T21:13:23.8457938-06:00] [FieldSquire.Behaviors.SquireLogisticsBehavior] [INF]: RunLogistics: Squire bought: 1 Butter (-20 Gold).
[2025-12-30T21:18:08.8929775-06:00] [FieldSquire.Behaviors.SquireSpawnBehavior] [INF]: OnDailyTick: Verified Squire: Your Squire (ID: field_squire) in Clan: fen Uimach
[2025-12-30T21:18:17.2170728-06:00] [FieldSquire.Behaviors.SquireLogisticsBehavior] [INF]: RunLogistics: Squire bought: 1 Date Fruit (-4 Gold).
[2025-12-30T21:18:28.8707048-06:00] [FieldSquire.Behaviors.SquireSpawnBehavior] [INF]: OnDailyTick: Verified Squire: Your Squire (ID: field_squire) in Clan: fen Uimach
[2025-12-30T21:18:37.2173111-06:00] [FieldSquire.Behaviors.SquireLogisticsBehavior] [INF]: RunLogistics: Squire bought: 1 Grain (-3 Gold).
[2025-12-30T21:18:48.8797365-06:00] [FieldSquire.Behaviors.SquireSpawnBehavior] [INF]: OnDailyTick: Verified Squire: Your Squire (ID: field_squire) in Clan: fen Uimach
[2025-12-30T21:19:08.8874983-06:00] [FieldSquire.Behaviors.SquireSpawnBehavior] [INF]: OnDailyTick: Verified Squire: Your Squire (ID: field_squire) in Clan: fen Uimach
[2025-12-30T21:19:10.5610810-06:00] [FieldSquire.Behaviors.SquireLogisticsBehavior] [INF]: RunLogistics: Squire bought: 1 Olives (-31 Gold).
[2025-12-30T21:19:17.2122464-06:00] [FieldSquire.Behaviors.SquireLogisticsBehavior] [INF]: RunLogistics: Squire bought: 1 Grain (-3 Gold).
[2025-12-30T21:19:28.9037681-06:00] [FieldSquire.Behaviors.SquireSpawnBehavior] [INF]: OnDailyTick: Verified Squire: Your Squire (ID: field_squire) in Clan: fen Uimach
[2025-12-30T21:19:37.2264916-06:00] [FieldSquire.Behaviors.SquireLogisticsBehavior] [INF]: RunLogistics: Squire bought: 1 Grapes (-7 Gold).
[2025-12-30T21:19:48.8894735-06:00] [FieldSquire.Behaviors.SquireSpawnBehavior] [INF]: OnDailyTick: Verified Squire: Your Squire (ID: field_squire) in Clan: fen Uimach
[2025-12-30T21:19:57.2001955-06:00] [FieldSquire.Behaviors.SquireLogisticsBehavior] [INF]: RunLogistics: Squire bought: 1 Fish (-16 Gold).
[2025-12-30T21:20:08.8844595-06:00] [FieldSquire.Behaviors.SquireSpawnBehavior] [INF]: OnDailyTick: Verified Squire: Your Squire (ID: field_squire) in Clan: fen Uimach
[2025-12-30T21:20:28.8810158-06:00] [FieldSquire.Behaviors.SquireSpawnBehavior] [INF]: OnDailyTick: Verified Squire: Your Squire (ID: field_squire) in Clan: fen Uimach
[2025-12-30T21:20:37.2309357-06:00] [FieldSquire.Behaviors.SquireLogisticsBehavior] [INF]: RunLogistics: Squire bought: 1 Fish (-18 Gold).
[2025-12-30T21:20:48.9389488-06:00] [FieldSquire.Behaviors.SquireSpawnBehavior] [INF]: OnDailyTick: Verified Squire: Your Squire (ID: field_squire) in Clan: fen Uimach
[2025-12-30T21:20:52.2293584-06:00] [FieldSquire.Behaviors.SquireLogisticsBehavior] [INF]: RunLogistics: Squire bought: 1 Olives (-34 Gold).
[2025-12-30T21:20:57.2475047-06:00] [FieldSquire.Behaviors.SquireLogisticsBehavior] [INF]: RunLogistics: Squire bought: 1 Beer (-34 Gold).
[2025-12-30T21:21:08.9079529-06:00] [FieldSquire.Behaviors.SquireSpawnBehavior] [INF]: OnDailyTick: Verified Squire: Your Squire (ID: field_squire) in Clan: fen Uimach
[2025-12-30T21:21:17.2189945-06:00] [FieldSquire.Behaviors.SquireLogisticsBehavior] [INF]: RunLogistics: Squire bought: 1 Cheese (-13 Gold).
[2025-12-30T21:21:28.9264499-06:00] [FieldSquire.Behaviors.SquireSpawnBehavior] [INF]: OnDailyTick: Verified Squire: Your Squire (ID: field_squire) in Clan: fen Uimach
[2025-12-30T21:21:37.2314343-06:00] [FieldSquire.Behaviors.SquireLogisticsBehavior] [INF]: RunLogistics: Squire bought: 1 Beer (-33 Gold).
[2025-12-30T21:21:48.9108834-06:00] [FieldSquire.Behaviors.SquireSpawnBehavior] [INF]: OnDailyTick: Verified Squire: Your Squire (ID: field_squire) in Clan: fen Uimach
[2025-12-30T21:21:57.2578886-06:00] [FieldSquire.Behaviors.SquireLogisticsBehavior] [INF]: RunLogistics: Squire bought: 1 Date Fruit (-4 Gold).
[2025-12-30T21:22:08.9404396-06:00] [FieldSquire.Behaviors.SquireSpawnBehavior] [INF]: OnDailyTick: Verified Squire: Your Squire (ID: field_squire) in Clan: fen Uimach
[2025-12-30T21:22:17.2472480-06:00] [FieldSquire.Behaviors.SquireLogisticsBehavior] [INF]: RunLogistics: Squire bought: 1 Date Fruit (-4 Gold).
[2025-12-30T21:22:28.9284530-06:00] [FieldSquire.Behaviors.SquireSpawnBehavior] [INF]: OnDailyTick: Verified Squire: Your Squire (ID: field_squire) in Clan: fen Uimach
[2025-12-30T21:22:37.2704921-06:00] [FieldSquire.Behaviors.SquireLogisticsBehavior] [INF]: RunLogistics: Squire bought: 1 Butter (-9 Gold).
[2025-12-30T21:22:48.9558045-06:00] [FieldSquire.Behaviors.SquireSpawnBehavior] [INF]: OnDailyTick: Verified Squire: Your Squire (ID: field_squire) in Clan: fen Uimach
[2025-12-30T21:22:57.2569689-06:00] [FieldSquire.Behaviors.SquireLogisticsBehavior] [INF]: RunLogistics: Squire bought: 1 Beer (-31 Gold).
[2025-12-30T21:23:10.7347557-06:00] [FieldSquire.Behaviors.SquireSpawnBehavior] [INF]: OnDailyTick: Verified Squire: Your Squire (ID: field_squire) in Clan: fen Uimach
[2025-12-30T21:23:19.0447538-06:00] [FieldSquire.Behaviors.SquireLogisticsBehavior] [INF]: RunLogistics: Squire bought: 1 Cheese (-15 Gold).
[2025-12-30T21:23:30.7763988-06:00] [FieldSquire.Behaviors.SquireSpawnBehavior] [INF]: OnDailyTick: Verified Squire: Your Squire (ID: field_squire) in Clan: fen Uimach
[2025-12-30T21:23:39.0920476-06:00] [FieldSquire.Behaviors.SquireLogisticsBehavior] [INF]: RunLogistics: Squire bought: 1 Fish (-14 Gold).
[2025-12-30T21:23:50.7912141-06:00] [FieldSquire.Behaviors.SquireSpawnBehavior] [INF]: OnDailyTick: Verified Squire: Your Squire (ID: field_squire) in Clan: fen Uimach
[2025-12-30T21:23:59.1111601-06:00] [FieldSquire.Behaviors.SquireLogisticsBehavior] [INF]: RunLogistics: Squire bought: 1 Grain (-3 Gold).
[2025-12-30T21:24:10.8023466-06:00] [FieldSquire.Behaviors.SquireSpawnBehavior] [INF]: OnDailyTick: Verified Squire: Your Squire (ID: field_squire) in Clan: fen Uimach
[2025-12-30T21:24:19.1357345-06:00] [FieldSquire.Behaviors.SquireLogisticsBehavior] [INF]: RunLogistics: Squire bought: 1 Beer (-29 Gold).
[2025-12-30T21:24:30.7922734-06:00] [FieldSquire.Behaviors.SquireSpawnBehavior] [INF]: OnDailyTick: Verified Squire: Your Squire (ID: field_squire) in Clan: fen Uimach
[2025-12-30T21:24:39.1495993-06:00] [FieldSquire.Behaviors.SquireLogisticsBehavior] [INF]: RunLogistics: Squire bought: 1 Meat (-9 Gold).
[2025-12-30T21:24:50.8187799-06:00] [FieldSquire.Behaviors.SquireSpawnBehavior] [INF]: OnDailyTick: Verified Squire: Your Squire (ID: field_squire) in Clan: fen Uimach
[2025-12-30T21:24:59.1488807-06:00] [FieldSquire.Behaviors.SquireLogisticsBehavior] [INF]: RunLogistics: Squire bought: 1 Beer, 1 Meat (-38 Gold).
[2025-12-30T21:25:10.8579959-06:00] [FieldSquire.Behaviors.SquireSpawnBehavior] [INF]: OnDailyTick: Verified Squire: Your Squire (ID: field_squire) in Clan: fen Uimach
[2025-12-30T21:25:19.1570895-06:00] [FieldSquire.Behaviors.SquireLogisticsBehavior] [INF]: RunLogistics: Squire bought: 1 Meat (-9 Gold).
[2025-12-30T21:25:30.8668539-06:00] [FieldSquire.Behaviors.SquireSpawnBehavior] [INF]: OnDailyTick: Verified Squire: Your Squire (ID: field_squire) in Clan: fen Uimach
[2025-12-30T21:25:39.2028850-06:00] [FieldSquire.Behaviors.SquireLogisticsBehavior] [INF]: RunLogistics: Squire bought: 1 Cheese (-16 Gold).
[2025-12-30T21:25:50.8884132-06:00] [FieldSquire.Behaviors.SquireSpawnBehavior] [INF]: OnDailyTick: Verified Squire: Your Squire (ID: field_squire) in Clan: fen Uimach
[2025-12-30T21:27:28.8457582-06:00] [FieldSquire.Behaviors.SquireLogisticsBehavior] [INF]: RunLogistics: Squire bought: 1 Grapes (-8 Gold).
[2025-12-30T21:27:40.5402945-06:00] [FieldSquire.Behaviors.SquireSpawnBehavior] [INF]: OnDailyTick: Verified Squire: Your Squire (ID: field_squire) in Clan: fen Uimach
[2025-12-30T21:28:02.2283398-06:00] [FieldSquire.Behaviors.SquireSpawnBehavior] [INF]: OnDailyTick: Verified Squire: Your Squire (ID: field_squire) in Clan: fen Uimach
[2025-12-30T21:28:10.5521425-06:00] [FieldSquire.Behaviors.SquireLogisticsBehavior] [INF]: RunLogistics: Squire bought: 1 Date Fruit (-4 Gold).
[2025-12-30T21:28:22.2530642-06:00] [FieldSquire.Behaviors.SquireSpawnBehavior] [INF]: OnDailyTick: Verified Squire: Your Squire (ID: field_squire) in Clan: fen Uimach
[2025-12-30T21:28:30.5556492-06:00] [FieldSquire.Behaviors.SquireLogisticsBehavior] [INF]: RunLogistics: Squire bought: 1 Meat (-9 Gold).
[2025-12-30T21:28:42.2525533-06:00] [FieldSquire.Behaviors.SquireSpawnBehavior] [INF]: OnDailyTick: Verified Squire: Your Squire (ID: field_squire) in Clan: fen Uimach
[2025-12-30T21:28:50.6067994-06:00] [FieldSquire.Behaviors.SquireLogisticsBehavior] [INF]: RunLogistics: Squire bought: 1 Butter (-7 Gold).
[2025-12-30T21:29:02.2905047-06:00] [FieldSquire.Behaviors.SquireSpawnBehavior] [INF]: OnDailyTick: Verified Squire: Your Squire (ID: field_squire) in Clan: fen Uimach
[2025-12-30T21:29:10.6190441-06:00] [FieldSquire.Behaviors.SquireLogisticsBehavior] [INF]: RunLogistics: Squire bought: 1 Butter (-7 Gold).
[2025-12-30T21:29:22.3553489-06:00] [FieldSquire.Behaviors.SquireSpawnBehavior] [INF]: OnDailyTick: Verified Squire: Your Squire (ID: field_squire) in Clan: fen Uimach
[2025-12-30T21:29:42.3687090-06:00] [FieldSquire.Behaviors.SquireSpawnBehavior] [INF]: OnDailyTick: Verified Squire: Your Squire (ID: field_squire) in Clan: fen Uimach
[2025-12-30T21:29:50.7010608-06:00] [FieldSquire.Behaviors.SquireLogisticsBehavior] [INF]: RunLogistics: Squire bought: 1 Date Fruit (-4 Gold).
[2025-12-30T21:30:02.4030929-06:00] [FieldSquire.Behaviors.SquireSpawnBehavior] [INF]: OnDailyTick: Verified Squire: Your Squire (ID: field_squire) in Clan: fen Uimach
[2025-12-30T21:30:10.7404784-06:00] [FieldSquire.Behaviors.SquireLogisticsBehavior] [INF]: RunLogistics: Squire bought: 1 Butter (-7 Gold).
[2025-12-30T21:30:22.4755901-06:00] [FieldSquire.Behaviors.SquireSpawnBehavior] [INF]: OnDailyTick: Verified Squire: Your Squire (ID: field_squire) in Clan: fen Uimach
[2025-12-30T21:30:42.5125475-06:00] [FieldSquire.Behaviors.SquireSpawnBehavior] [INF]: OnDailyTick: Verified Squire: Your Squire (ID: field_squire) in Clan: fen Uimach
[2025-12-30T21:30:50.8404585-06:00] [FieldSquire.Behaviors.SquireLogisticsBehavior] [INF]: RunLogistics: Squire bought: 1 Butter (-7 Gold).
[2025-12-30T21:31:00.8850422-06:00] [FieldSquire.Behaviors.SquireLogisticsBehavior] [INF]: RunLogistics: Squire bought: 2 Fish (-28 Gold).
[2025-12-30T21:31:02.5793660-06:00] [FieldSquire.Behaviors.SquireSpawnBehavior] [INF]: OnDailyTick: Verified Squire: Your Squire (ID: field_squire) in Clan: fen Uimach
[2025-12-30T21:31:10.8960671-06:00] [FieldSquire.Behaviors.SquireLogisticsBehavior] [INF]: RunLogistics: Squire bought: 1 Olives (-29 Gold).
[2025-12-30T21:31:22.6113419-06:00] [FieldSquire.Behaviors.SquireSpawnBehavior] [INF]: OnDailyTick: Verified Squire: Your Squire (ID: field_squire) in Clan: fen Uimach
[2025-12-30T21:31:30.9456078-06:00] [FieldSquire.Behaviors.SquireLogisticsBehavior] [INF]: RunLogistics: Squire bought: 1 Cheese (-17 Gold).
[2025-12-30T21:31:42.6447690-06:00] [FieldSquire.Behaviors.SquireSpawnBehavior] [INF]: OnDailyTick: Verified Squire: Your Squire (ID: field_squire) in Clan: fen Uimach
[2025-12-30T21:31:51.0043600-06:00] [FieldSquire.Behaviors.SquireLogisticsBehavior] [INF]: RunLogistics: Squire bought: 1 Date Fruit (-4 Gold).
[2025-12-30T21:32:02.6918063-06:00] [FieldSquire.Behaviors.SquireSpawnBehavior] [INF]: OnDailyTick: Verified Squire: Your Squire (ID: field_squire) in Clan: fen Uimach
[2025-12-30T21:32:11.0186035-06:00] [FieldSquire.Behaviors.SquireLogisticsBehavior] [INF]: RunLogistics: Squire bought: 1 Grapes (-7 Gold).
[2025-12-30T21:32:22.7471469-06:00] [FieldSquire.Behaviors.SquireSpawnBehavior] [INF]: OnDailyTick: Verified Squire: Your Squire (ID: field_squire) in Clan: fen Uimach
[2025-12-30T21:32:31.0942818-06:00] [FieldSquire.Behaviors.SquireLogisticsBehavior] [INF]: RunLogistics: Squire bought: 1 Grain (-3 Gold).
[2025-12-30T21:32:42.8028305-06:00] [FieldSquire.Behaviors.SquireSpawnBehavior] [INF]: OnDailyTick: Verified Squire: Your Squire (ID: field_squire) in Clan: fen Uimach
[2025-12-30T21:32:51.1384350-06:00] [FieldSquire.Behaviors.SquireLogisticsBehavior] [INF]: RunLogistics: Squire bought: 1 Grain (-3 Gold).
[2025-12-30T21:33:04.5353560-06:00] [FieldSquire.Behaviors.SquireSpawnBehavior] [INF]: OnDailyTick: Verified Squire: Your Squire (ID: field_squire) in Clan: fen Uimach
[2025-12-30T21:33:12.8670456-06:00] [FieldSquire.Behaviors.SquireLogisticsBehavior] [INF]: RunLogistics: Squire bought: 1 Cheese, 1 Grapes (-21 Gold).
[2025-12-30T21:33:24.5928265-06:00] [FieldSquire.Behaviors.SquireSpawnBehavior] [INF]: OnDailyTick: Verified Squire: Your Squire (ID: field_squire) in Clan: fen Uimach
[2025-12-30T21:33:44.6570997-06:00] [FieldSquire.Behaviors.SquireSpawnBehavior] [INF]: OnDailyTick: Verified Squire: Your Squire (ID: field_squire) in Clan: fen Uimach
[2025-12-30T21:33:52.9677917-06:00] [FieldSquire.Behaviors.SquireLogisticsBehavior] [INF]: RunLogistics: Squire bought: 1 Fish (-7 Gold).
[2025-12-30T21:34:04.7132553-06:00] [FieldSquire.Behaviors.SquireSpawnBehavior] [INF]: OnDailyTick: Verified Squire: Your Squire (ID: field_squire) in Clan: fen Uimach
[2025-12-30T21:34:13.0396568-06:00] [FieldSquire.Behaviors.SquireLogisticsBehavior] [INF]: RunLogistics: Squire bought: 1 Date Fruit (-4 Gold).
[2025-12-30T21:34:24.7390827-06:00] [FieldSquire.Behaviors.SquireSpawnBehavior] [INF]: OnDailyTick: Verified Squire: Your Squire (ID: field_squire) in Clan: fen Uimach
[2025-12-30T21:35:20.6876807-06:00] [FieldSquire.Behaviors.SquireLogisticsBehavior] [INF]: RunLogistics: Squire bought: 1 Butter (-6 Gold).
[2025-12-30T21:35:32.4098304-06:00] [FieldSquire.Behaviors.SquireSpawnBehavior] [INF]: OnDailyTick: Verified Squire: Your Squire (ID: field_squire) in Clan: fen Uimach
[2025-12-30T21:35:43.2354063-06:00] [FieldSquire.Behaviors.SquireLogisticsBehavior] [INF]: RunLogistics: Squire bought: 1 Date Fruit (-4 Gold).
[2025-12-30T21:35:54.9808791-06:00] [FieldSquire.Behaviors.SquireSpawnBehavior] [INF]: OnDailyTick: Verified Squire: Your Squire (ID: field_squire) in Clan: fen Uimach
[2025-12-30T21:36:50.2507017-06:00] [FieldSquire.Behaviors.SquireSpawnBehavior] [INF]: OnDailyTick: Verified Squire: Your Squire (ID: field_squire) in Clan: fen Uimach
[2025-12-30T21:37:39.4259453-06:00] [FieldSquire.Behaviors.SquireSpawnBehavior] [INF]: OnDailyTick: Verified Squire: Your Squire (ID: field_squire) in Clan: fen Uimach
[2025-12-30T21:37:59.4903004-06:00] [FieldSquire.Behaviors.SquireSpawnBehavior] [INF]: OnDailyTick: Verified Squire: Your Squire (ID: field_squire) in Clan: fen Uimach
[2025-12-30T21:38:09.6081336-06:00] [FieldSquire.Behaviors.SquireLogisticsBehavior] [INF]: RunLogistics: Squire bought: 1 Grain (-3 Gold).
[2025-12-30T21:38:21.3404769-06:00] [FieldSquire.Behaviors.SquireSpawnBehavior] [INF]: OnDailyTick: Verified Squire: Your Squire (ID: field_squire) in Clan: fen Uimach
[2025-12-30T21:38:41.3957190-06:00] [FieldSquire.Behaviors.SquireSpawnBehavior] [INF]: OnDailyTick: Verified Squire: Your Squire (ID: field_squire) in Clan: fen Uimach
[2025-12-30T21:39:26.4336707-06:00] [FieldSquire.Behaviors.SquireSpawnBehavior] [INF]: OnDailyTick: Verified Squire: Your Squire (ID: field_squire) in Clan: fen Uimach
[2025-12-30T21:39:53.1578902-06:00] [FieldSquire.Behaviors.SquireSpawnBehavior] [INF]: OnDailyTick: Verified Squire: Your Squire (ID: field_squire) in Clan: fen Uimach
[2025-12-30T21:41:42.8202600-06:00] [FieldSquire.Behaviors.SquireSpawnBehavior] [INF]: OnDailyTick: Verified Squire: Your Squire (ID: field_squire) in Clan: fen Uimach
[2025-12-30T21:41:45.6594900-06:00] [FieldSquire.Behaviors.SquireLogisticsBehavior] [INF]: RunLogistics: Squire bought: 1 Date Fruit, 1 Grapes (-11 Gold).
[2025-12-30T21:41:51.8369735-06:00] [FieldSquire.Behaviors.SquireLogisticsBehavior] [INF]: RunLogistics: Squire bought: 3 Olives, 1 Fish (-89 Gold).
[2025-12-30T21:42:07.4279789-06:00] [FieldSquire.Behaviors.SquireLogisticsBehavior] [INF]: RunLogistics: Squire bought: 1 Grain (-3 Gold).
[2025-12-30T21:42:29.1371286-06:00] [FieldSquire.Behaviors.SquireSpawnBehavior] [INF]: OnDailyTick: Verified Squire: Your Squire (ID: field_squire) in Clan: fen Uimach
[2025-12-30T21:42:37.4216136-06:00] [FieldSquire.Behaviors.SquireLogisticsBehavior] [INF]: RunLogistics: Squire bought: 1 Grain (-4 Gold).
[2025-12-30T21:42:49.1434208-06:00] [FieldSquire.Behaviors.SquireSpawnBehavior] [INF]: OnDailyTick: Verified Squire: Your Squire (ID: field_squire) in Clan: fen Uimach
[2025-12-30T21:42:57.5003667-06:00] [FieldSquire.Behaviors.SquireLogisticsBehavior] [INF]: RunLogistics: Squire bought: 3 Olives (-93 Gold).
[2025-12-30T21:43:10.9390629-06:00] [FieldSquire.Behaviors.SquireSpawnBehavior] [INF]: OnDailyTick: Verified Squire: Your Squire (ID: field_squire) in Clan: fen Uimach
[2025-12-30T21:43:20.1368201-06:00] [FieldSquire.Behaviors.SquireLogisticsBehavior] [INF]: RunLogistics: Squire bought: 1 Fish, 1 Grain (-19 Gold).
[2025-12-30T21:43:31.0190273-06:00] [FieldSquire.Behaviors.SquireSpawnBehavior] [INF]: OnDailyTick: Verified Squire: Your Squire (ID: field_squire) in Clan: fen Uimach
[2025-12-30T21:43:39.3169896-06:00] [FieldSquire.Behaviors.SquireLogisticsBehavior] [INF]: RunLogistics: Squire bought: 1 Date Fruit (-4 Gold).
[2025-12-30T21:43:51.1567136-06:00] [FieldSquire.Behaviors.SquireSpawnBehavior] [INF]: OnDailyTick: Verified Squire: Your Squire (ID: field_squire) in Clan: fen Uimach
[2025-12-30T21:43:59.4668357-06:00] [FieldSquire.Behaviors.SquireLogisticsBehavior] [INF]: RunLogistics: Squire bought: 1 Grain (-4 Gold).
[2025-12-30T21:44:06.1203370-06:00] [FieldSquire.Behaviors.SquireLogisticsBehavior] [INF]: RunLogistics: Squire bought: 1 Fish (-15 Gold).
[2025-12-30T21:44:14.0717237-06:00] [FieldSquire.Behaviors.SquireSpawnBehavior] [INF]: OnDailyTick: Verified Squire: Your Squire (ID: field_squire) in Clan: fen Uimach
[2025-12-30T21:44:22.3919859-06:00] [FieldSquire.Behaviors.SquireLogisticsBehavior] [INF]: RunLogistics: Squire bought: 1 Meat, 1 Grain (-12 Gold).
[2025-12-30T21:44:34.1365586-06:00] [FieldSquire.Behaviors.SquireSpawnBehavior] [INF]: OnDailyTick: Verified Squire: Your Squire (ID: field_squire) in Clan: fen Uimach
[2025-12-30T21:44:42.4405295-06:00] [FieldSquire.Behaviors.SquireLogisticsBehavior] [INF]: RunLogistics: Squire bought: 1 Fish (-15 Gold).
