2025-12-30 19:16:56.949 -06:00 [INF] HonestWork Loaded. Logging Initialized.
2025-12-30 19:17:24.131 -06:00 [INF] TownJobBehavior Added.
2025-12-30 19:17:24.131 -06:00 [INF] VillageLaborBehavior Added.
2025-12-30 19:17:24.131 -06:00 [INF] CastleJobBehavior Added.
2025-12-30 19:17:34.556 -06:00 [INF] HonestWork: Castle Menus Initialized.
2025-12-30 19:17:34.556 -06:00 [INF] VillageLaborBehavior: Initializing Menus...
2025-12-30 19:17:34.557 -06:00 [INF] VillageLaborBehavior: Menus Initialized.
2025-12-30 19:17:34.558 -06:00 [INF] HonestWork Game Menus initialized successfully.
2025-12-30 19:17:41.665 -06:00 [WRN] [LAG SPOKE] HonestWork TownJobBehavior.OnHourlyTick took 10ms
2025-12-30 19:17:53.826 -06:00 [WRN] [LAG SPOKE] HonestWork TownJobBehavior.OnHourlyTick took 7ms
2025-12-30 19:30:31.903 -06:00 [INF] HonestWork Loaded. Logging Initialized.
2025-12-30 19:30:59.508 -06:00 [INF] TownJobBehavior Added.
2025-12-30 19:30:59.510 -06:00 [INF] VillageLaborBehavior Added.
2025-12-30 19:30:59.510 -06:00 [INF] CastleJobBehavior Added.
2025-12-30 19:31:10.201 -06:00 [INF] HonestWork: Castle Menus Initialized.
2025-12-30 19:31:10.201 -06:00 [INF] VillageLaborBehavior: Initializing Menus...
2025-12-30 19:31:10.203 -06:00 [INF] VillageLaborBehavior: Menus Initialized.
2025-12-30 19:31:10.204 -06:00 [INF] HonestWork Game Menus initialized successfully.
2025-12-30 19:35:23.081 -06:00 [WRN] [LAG SPOKE] HonestWork TownJobBehavior.OnHourlyTick took 10ms
2025-12-30 19:35:23.924 -06:00 [WRN] [LAG SPOKE] HonestWork TownJobBehavior.OnHourlyTick took 6ms
2025-12-30 19:35:32.361 -06:00 [WRN] [LAG SPOKE] HonestWork TownJobBehavior.OnHourlyTick took 6ms
2025-12-30 19:41:57.282 -06:00 [INF] HonestWork Loaded. Logging Initialized.
2025-12-30 19:42:20.722 -06:00 [INF] TownJobBehavior Added.
2025-12-30 19:42:20.722 -06:00 [INF] VillageLaborBehavior Added.
2025-12-30 19:42:20.722 -06:00 [INF] CastleJobBehavior Added.
2025-12-30 19:42:31.296 -06:00 [INF] HonestWork: Castle Menus Initialized.
2025-12-30 19:42:31.297 -06:00 [INF] VillageLaborBehavior: Initializing Menus...
2025-12-30 19:42:31.297 -06:00 [INF] VillageLaborBehavior: Menus Initialized.
2025-12-30 19:42:31.299 -06:00 [INF] HonestWork Game Menus initialized successfully.
2025-12-30 19:42:48.680 -06:00 [WRN] [LAG SPOKE] HonestWork TownJobBehavior.OnHourlyTick took 10ms
2025-12-30 19:42:49.495 -06:00 [WRN] [LAG SPOKE] HonestWork TownJobBehavior.OnHourlyTick took 6ms
2025-12-30 19:42:52.320 -06:00 [WRN] [LAG SPOKE] HonestWork TownJobBehavior.OnHourlyTick took 6ms
2025-12-30 20:26:29.804 -06:00 [INF] HonestWork Loaded. Logging Initialized.
2025-12-30 20:26:43.415 -06:00 [INF] TownJobBehavior Added.
2025-12-30 20:26:43.416 -06:00 [INF] VillageLaborBehavior Added.
2025-12-30 20:26:43.416 -06:00 [INF] CastleJobBehavior Added.
2025-12-30 20:26:53.996 -06:00 [INF] HonestWork: Castle Menus Initialized.
2025-12-30 20:26:53.996 -06:00 [INF] VillageLaborBehavior: Initializing Menus...
2025-12-30 20:26:53.997 -06:00 [INF] VillageLaborBehavior: Menus Initialized.
2025-12-30 20:26:53.999 -06:00 [INF] HonestWork Game Menus initialized successfully.
2025-12-30 20:27:00.429 -06:00 [WRN] [LAG SPOKE] HonestWork TownJobBehavior.OnHourlyTick took 10ms
2025-12-30 20:27:01.237 -06:00 [WRN] [LAG SPOKE] HonestWork TownJobBehavior.OnHourlyTick took 6ms
2025-12-30 20:27:17.346 -06:00 [WRN] [LAG SPOKE] HonestWork TownJobBehavior.OnHourlyTick took 6ms
2025-12-30 20:27:24.001 -06:00 [WRN] [LAG SPOKE] HonestWork TownJobBehavior.OnHourlyTick took 6ms
2025-12-30 20:27:24.859 -06:00 [WRN] [LAG SPOKE] HonestWork TownJobBehavior.OnHourlyTick took 7ms
2025-12-30 20:27:30.668 -06:00 [WRN] [LAG SPOKE] HonestWork TownJobBehavior.OnHourlyTick took 6ms
2025-12-30 20:27:31.509 -06:00 [WRN] [LAG SPOKE] HonestWork TownJobBehavior.OnHourlyTick took 6ms
2025-12-30 20:27:36.582 -06:00 [WRN] [LAG SPOKE] HonestWork TownJobBehavior.OnHourlyTick took 11ms
2025-12-30 20:27:37.404 -06:00 [WRN] [LAG SPOKE] HonestWork TownJobBehavior.OnHourlyTick took 6ms
2025-12-30 20:27:44.068 -06:00 [WRN] [LAG SPOKE] HonestWork TownJobBehavior.OnHourlyTick took 6ms
2025-12-30 20:27:50.737 -06:00 [WRN] [LAG SPOKE] HonestWork TownJobBehavior.OnHourlyTick took 6ms
2025-12-30 20:27:57.416 -06:00 [WRN] [LAG SPOKE] HonestWork TownJobBehavior.OnHourlyTick took 6ms
2025-12-30 20:28:00.749 -06:00 [WRN] [LAG SPOKE] HonestWork TownJobBehavior.OnHourlyTick took 7ms
2025-12-30 20:28:04.068 -06:00 [WRN] [LAG SPOKE] HonestWork TownJobBehavior.OnHourlyTick took 6ms
2025-12-30 20:28:10.752 -06:00 [WRN] [LAG SPOKE] HonestWork TownJobBehavior.OnHourlyTick took 6ms
2025-12-30 20:28:17.387 -06:00 [WRN] [LAG SPOKE] HonestWork TownJobBehavior.OnHourlyTick took 6ms
2025-12-30 20:28:19.057 -06:00 [WRN] [LAG SPOKE] HonestWork TownJobBehavior.OnHourlyTick took 6ms
2025-12-30 20:28:24.071 -06:00 [WRN] [LAG SPOKE] HonestWork TownJobBehavior.OnHourlyTick took 6ms
2025-12-30 20:28:29.904 -06:00 [WRN] [LAG SPOKE] HonestWork TownJobBehavior.OnHourlyTick took 6ms
2025-12-30 20:28:30.755 -06:00 [WRN] [LAG SPOKE] HonestWork TownJobBehavior.OnHourlyTick took 6ms
2025-12-30 20:28:37.386 -06:00 [WRN] [LAG SPOKE] HonestWork TownJobBehavior.OnHourlyTick took 6ms
2025-12-30 20:28:44.066 -06:00 [WRN] [LAG SPOKE] HonestWork TownJobBehavior.OnHourlyTick took 6ms
2025-12-30 20:28:50.725 -06:00 [WRN] [LAG SPOKE] HonestWork TownJobBehavior.OnHourlyTick took 6ms
2025-12-30 20:28:53.259 -06:00 [WRN] [LAG SPOKE] HonestWork TownJobBehavior.OnHourlyTick took 7ms
2025-12-30 20:28:57.382 -06:00 [WRN] [LAG SPOKE] HonestWork TownJobBehavior.OnHourlyTick took 6ms
2025-12-30 20:29:04.079 -06:00 [WRN] [LAG SPOKE] HonestWork TownJobBehavior.OnHourlyTick took 6ms
2025-12-30 20:29:10.729 -06:00 [WRN] [LAG SPOKE] HonestWork TownJobBehavior.OnHourlyTick took 6ms
2025-12-30 20:29:17.404 -06:00 [WRN] [LAG SPOKE] HonestWork TownJobBehavior.OnHourlyTick took 6ms
2025-12-30 20:29:24.057 -06:00 [WRN] [LAG SPOKE] HonestWork TownJobBehavior.OnHourlyTick took 6ms
2025-12-30 20:29:27.418 -06:00 [WRN] [LAG SPOKE] HonestWork TownJobBehavior.OnHourlyTick took 10ms
2025-12-30 20:29:30.728 -06:00 [WRN] [LAG SPOKE] HonestWork TownJobBehavior.OnHourlyTick took 6ms
2025-12-30 20:29:34.058 -06:00 [WRN] [LAG SPOKE] HonestWork TownJobBehavior.OnHourlyTick took 7ms
2025-12-30 20:29:37.463 -06:00 [WRN] [LAG SPOKE] HonestWork TownJobBehavior.OnHourlyTick took 6ms
2025-12-30 20:29:44.106 -06:00 [WRN] [LAG SPOKE] HonestWork TownJobBehavior.OnHourlyTick took 6ms
2025-12-30 20:30:13.325 -06:00 [INF] HonestWork Unloaded.
2025-12-30 20:34:44.524 -06:00 [INF] HonestWork Loaded. Logging Initialized.
2025-12-30 20:34:57.809 -06:00 [INF] TownJobBehavior Added.
2025-12-30 20:34:57.809 -06:00 [INF] VillageLaborBehavior Added.
2025-12-30 20:34:57.810 -06:00 [INF] CastleJobBehavior Added.
2025-12-30 20:35:08.520 -06:00 [INF] HonestWork: Castle Menus Initialized.
2025-12-30 20:35:08.520 -06:00 [INF] VillageLaborBehavior: Initializing Menus...
2025-12-30 20:35:08.520 -06:00 [INF] VillageLaborBehavior: Menus Initialized.
2025-12-30 20:35:08.522 -06:00 [INF] HonestWork Game Menus initialized successfully.
2025-12-30 20:35:21.833 -06:00 [WRN] [LAG SPOKE] HonestWork TownJobBehavior.OnHourlyTick took 10ms
2025-12-30 20:35:57.966 -06:00 [WRN] [LAG SPOKE] HonestWork TownJobBehavior.OnHourlyTick took 6ms
2025-12-30 20:35:58.779 -06:00 [WRN] [LAG SPOKE] HonestWork TownJobBehavior.OnHourlyTick took 6ms
2025-12-30 20:36:04.656 -06:00 [WRN] [LAG SPOKE] HonestWork TownJobBehavior.OnHourlyTick took 6ms
2025-12-30 20:36:10.501 -06:00 [WRN] [LAG SPOKE] HonestWork TownJobBehavior.OnHourlyTick took 15ms
2025-12-30 20:36:13.853 -06:00 [WRN] [LAG SPOKE] HonestWork TownJobBehavior.OnHourlyTick took 18ms
2025-12-30 20:36:57.957 -06:00 [WRN] [LAG SPOKE] HonestWork TownJobBehavior.OnHourlyTick took 10ms
2025-12-30 20:36:59.615 -06:00 [WRN] [LAG SPOKE] HonestWork TownJobBehavior.OnHourlyTick took 6ms
2025-12-30 20:37:04.633 -06:00 [WRN] [LAG SPOKE] HonestWork TownJobBehavior.OnHourlyTick took 6ms
2025-12-30 20:37:36.339 -06:00 [WRN] [LAG SPOKE] HonestWork TownJobBehavior.OnHourlyTick took 6ms
2025-12-30 20:37:42.142 -06:00 [WRN] [LAG SPOKE] HonestWork TownJobBehavior.OnHourlyTick took 11ms
2025-12-30 20:37:42.988 -06:00 [WRN] [LAG SPOKE] HonestWork TownJobBehavior.OnHourlyTick took 6ms
2025-12-30 20:37:47.977 -06:00 [WRN] [LAG SPOKE] HonestWork TownJobBehavior.OnHourlyTick took 6ms
2025-12-30 20:37:49.652 -06:00 [WRN] [LAG SPOKE] HonestWork TownJobBehavior.OnHourlyTick took 6ms
2025-12-30 20:37:56.335 -06:00 [WRN] [LAG SPOKE] HonestWork TownJobBehavior.OnHourlyTick took 6ms
2025-12-30 20:38:02.979 -06:00 [WRN] [LAG SPOKE] HonestWork TownJobBehavior.OnHourlyTick took 6ms
2025-12-30 20:38:09.678 -06:00 [WRN] [LAG SPOKE] HonestWork TownJobBehavior.OnHourlyTick took 7ms
2025-12-30 20:38:16.342 -06:00 [WRN] [LAG SPOKE] HonestWork TownJobBehavior.OnHourlyTick took 9ms
2025-12-30 20:38:22.976 -06:00 [WRN] [LAG SPOKE] HonestWork TownJobBehavior.OnHourlyTick took 6ms
2025-12-30 20:38:29.667 -06:00 [WRN] [LAG SPOKE] HonestWork TownJobBehavior.OnHourlyTick took 6ms
2025-12-30 20:38:37.906 -06:00 [WRN] [LAG SPOKE] HonestWork TownJobBehavior.OnHourlyTick took 6ms
2025-12-30 20:40:10.686 -06:00 [WRN] [LAG SPOKE] HonestWork TownJobBehavior.OnHourlyTick took 6ms
2025-12-30 20:40:27.332 -06:00 [WRN] [LAG SPOKE] HonestWork TownJobBehavior.OnHourlyTick took 7ms
2025-12-30 20:40:34.892 -06:00 [INF] Player finished 8-hour shift as instructor.
2025-12-30 20:40:35.501 -06:00 [WRN] [LAG SPOKE] HonestWork TownJobBehavior.OnHourlyTick took 7ms
2025-12-30 20:40:41.563 -06:00 [INF] Player finished 8-hour shift as instructor.
2025-12-30 20:40:42.174 -06:00 [WRN] [LAG SPOKE] HonestWork TownJobBehavior.OnHourlyTick took 7ms
2025-12-30 20:40:48.241 -06:00 [INF] Player finished 8-hour shift as instructor.
2025-12-30 20:40:48.844 -06:00 [WRN] [LAG SPOKE] HonestWork TownJobBehavior.OnHourlyTick took 6ms
2025-12-30 20:40:54.706 -06:00 [WRN] [LAG SPOKE] HonestWork TownJobBehavior.OnHourlyTick took 7ms
2025-12-30 20:40:54.908 -06:00 [INF] Player finished 8-hour shift as instructor.
2025-12-30 20:40:55.523 -06:00 [WRN] [LAG SPOKE] HonestWork TownJobBehavior.OnHourlyTick took 7ms
2025-12-30 20:41:35.455 -06:00 [WRN] [LAG SPOKE] HonestWork TownJobBehavior.OnHourlyTick took 26ms
2025-12-30 20:41:35.680 -06:00 [INF] Player finished 8-hour shift as instructor.
2025-12-30 20:41:36.284 -06:00 [WRN] [LAG SPOKE] HonestWork TownJobBehavior.OnHourlyTick took 6ms
2025-12-30 20:41:37.151 -06:00 [WRN] [LAG SPOKE] HonestWork TownJobBehavior.OnHourlyTick took 12ms
2025-12-30 20:41:42.196 -06:00 [WRN] [LAG SPOKE] HonestWork TownJobBehavior.OnHourlyTick took 9ms
2025-12-30 20:41:42.393 -06:00 [INF] Player finished 8-hour shift as instructor.
2025-12-30 20:41:42.999 -06:00 [WRN] [LAG SPOKE] HonestWork TownJobBehavior.OnHourlyTick took 6ms
2025-12-30 20:41:48.825 -06:00 [WRN] [LAG SPOKE] HonestWork TownJobBehavior.OnHourlyTick took 12ms
2025-12-30 20:41:49.063 -06:00 [INF] Player finished 8-hour shift as instructor.
2025-12-30 20:41:49.659 -06:00 [WRN] [LAG SPOKE] HonestWork TownJobBehavior.OnHourlyTick took 6ms
2025-12-30 20:41:55.730 -06:00 [INF] Player finished 8-hour shift as instructor.
2025-12-30 20:41:56.346 -06:00 [WRN] [LAG SPOKE] HonestWork TownJobBehavior.OnHourlyTick took 6ms
2025-12-30 20:42:00.499 -06:00 [WRN] [LAG SPOKE] HonestWork TownJobBehavior.OnHourlyTick took 8ms
2025-12-30 20:42:02.408 -06:00 [INF] Player finished 8-hour shift as instructor.
2025-12-30 20:42:03.016 -06:00 [WRN] [LAG SPOKE] HonestWork TownJobBehavior.OnHourlyTick took 7ms
2025-12-30 20:42:09.082 -06:00 [INF] Player finished 8-hour shift as instructor.
2025-12-30 20:42:09.682 -06:00 [WRN] [LAG SPOKE] HonestWork TownJobBehavior.OnHourlyTick took 7ms
2025-12-30 21:01:30.747 -06:00 [INF] HonestWork Loaded. Logging Initialized.
2025-12-30 21:01:58.546 -06:00 [INF] TownJobBehavior Added.
2025-12-30 21:01:58.546 -06:00 [INF] VillageLaborBehavior Added.
2025-12-30 21:01:58.547 -06:00 [INF] CastleJobBehavior Added.
2025-12-30 21:02:09.160 -06:00 [INF] HonestWork: Castle Menus Initialized.
2025-12-30 21:02:09.160 -06:00 [INF] VillageLaborBehavior: Initializing Menus...
2025-12-30 21:02:09.160 -06:00 [INF] VillageLaborBehavior: Menus Initialized.
2025-12-30 21:02:09.163 -06:00 [INF] HonestWork Game Menus initialized successfully.
2025-12-30 21:02:28.434 -06:00 [WRN] [LAG SPOKE] HonestWork TownJobBehavior.OnHourlyTick took 15ms
2025-12-30 21:02:44.812 -06:00 [WRN] [LAG SPOKE] HonestWork TownJobBehavior.OnHourlyTick took 6ms
2025-12-30 21:02:45.665 -06:00 [WRN] [LAG SPOKE] HonestWork TownJobBehavior.OnHourlyTick took 9ms
2025-12-30 21:02:46.777 -06:00 [INF] Player finished 8-hour shift as instructor.
2025-12-30 21:02:48.208 -06:00 [WRN] [LAG SPOKE] HonestWork TownJobBehavior.OnHourlyTick took 7ms
2025-12-30 21:02:49.892 -06:00 [WRN] [LAG SPOKE] HonestWork TownJobBehavior.OnHourlyTick took 10ms
2025-12-30 21:02:51.513 -06:00 [WRN] [LAG SPOKE] HonestWork TownJobBehavior.OnHourlyTick took 6ms
2025-12-30 21:02:53.495 -06:00 [INF] Player finished 8-hour shift as instructor.
2025-12-30 21:02:58.193 -06:00 [WRN] [LAG SPOKE] HonestWork TownJobBehavior.OnHourlyTick took 6ms
2025-12-30 21:03:00.175 -06:00 [INF] Player finished 8-hour shift as instructor.
2025-12-30 21:03:00.709 -06:00 [WRN] [LAG SPOKE] HonestWork TownJobBehavior.OnHourlyTick took 6ms
2025-12-30 21:03:04.859 -06:00 [WRN] [LAG SPOKE] HonestWork TownJobBehavior.OnHourlyTick took 6ms
2025-12-30 21:03:08.602 -06:00 [INF] Player finished 8-hour shift as instructor.
2025-12-30 21:03:13.286 -06:00 [WRN] [LAG SPOKE] HonestWork TownJobBehavior.OnHourlyTick took 6ms
2025-12-30 21:03:15.274 -06:00 [INF] Player finished 8-hour shift as instructor.
2025-12-30 21:03:19.962 -06:00 [WRN] [LAG SPOKE] HonestWork TownJobBehavior.OnHourlyTick took 6ms
2025-12-30 21:03:21.950 -06:00 [INF] Player finished 8-hour shift as instructor.
2025-12-30 21:03:26.618 -06:00 [WRN] [LAG SPOKE] HonestWork TownJobBehavior.OnHourlyTick took 6ms
2025-12-30 21:03:28.621 -06:00 [INF] Player finished 8-hour shift as instructor.
2025-12-30 21:03:29.143 -06:00 [WRN] [LAG SPOKE] HonestWork TownJobBehavior.OnHourlyTick took 7ms
2025-12-30 21:03:33.308 -06:00 [WRN] [LAG SPOKE] HonestWork TownJobBehavior.OnHourlyTick took 6ms
2025-12-30 21:03:35.297 -06:00 [INF] Player finished 8-hour shift as instructor.
2025-12-30 21:03:37.459 -06:00 [WRN] [LAG SPOKE] HonestWork TownJobBehavior.OnHourlyTick took 7ms
2025-12-30 21:03:39.947 -06:00 [WRN] [LAG SPOKE] HonestWork TownJobBehavior.OnHourlyTick took 6ms
2025-12-30 21:03:41.973 -06:00 [INF] Player finished 8-hour shift as instructor.
2025-12-30 21:03:46.646 -06:00 [WRN] [LAG SPOKE] HonestWork TownJobBehavior.OnHourlyTick took 6ms
2025-12-30 21:03:47.462 -06:00 [WRN] [LAG SPOKE] HonestWork TownJobBehavior.OnHourlyTick took 7ms
2025-12-30 21:03:48.649 -06:00 [INF] Player finished 8-hour shift as instructor.
2025-12-30 21:03:49.154 -06:00 [WRN] [LAG SPOKE] HonestWork TownJobBehavior.OnHourlyTick took 7ms
2025-12-30 21:03:52.498 -06:00 [WRN] [LAG SPOKE] HonestWork TownJobBehavior.OnHourlyTick took 9ms
2025-12-30 21:03:53.340 -06:00 [WRN] [LAG SPOKE] HonestWork TownJobBehavior.OnHourlyTick took 6ms
2025-12-30 21:03:54.190 -06:00 [WRN] [LAG SPOKE] HonestWork TownJobBehavior.OnHourlyTick took 7ms
2025-12-30 21:03:55.380 -06:00 [INF] Player finished 8-hour shift as instructor.
2025-12-30 21:04:00.038 -06:00 [WRN] [LAG SPOKE] HonestWork TownJobBehavior.OnHourlyTick took 6ms
2025-12-30 21:04:02.055 -06:00 [INF] Player finished 8-hour shift as instructor.
2025-12-30 21:04:02.494 -06:00 [WRN] [LAG SPOKE] HonestWork TownJobBehavior.OnHourlyTick took 6ms
2025-12-30 21:04:06.704 -06:00 [WRN] [LAG SPOKE] HonestWork TownJobBehavior.OnHourlyTick took 6ms
2025-12-30 21:04:08.731 -06:00 [INF] Player finished 8-hour shift as instructor.
2025-12-30 21:04:10.029 -06:00 [WRN] [LAG SPOKE] HonestWork TownJobBehavior.OnHourlyTick took 8ms
2025-12-30 21:04:13.394 -06:00 [WRN] [LAG SPOKE] HonestWork TownJobBehavior.OnHourlyTick took 6ms
2025-12-30 21:04:15.403 -06:00 [INF] Player finished 8-hour shift as instructor.
2025-12-30 21:04:20.007 -06:00 [WRN] [LAG SPOKE] HonestWork TownJobBehavior.OnHourlyTick took 6ms
2025-12-30 21:04:22.072 -06:00 [INF] Player finished 8-hour shift as instructor.
2025-12-30 21:04:26.678 -06:00 [WRN] [LAG SPOKE] HonestWork TownJobBehavior.OnHourlyTick took 6ms
2025-12-30 21:04:27.522 -06:00 [WRN] [LAG SPOKE] HonestWork TownJobBehavior.OnHourlyTick took 7ms
2025-12-30 21:04:28.743 -06:00 [INF] Player finished 8-hour shift as instructor.
2025-12-30 21:04:33.378 -06:00 [WRN] [LAG SPOKE] HonestWork TownJobBehavior.OnHourlyTick took 6ms
2025-12-30 21:04:35.424 -06:00 [INF] Player finished 8-hour shift as instructor.
2025-12-30 21:04:40.022 -06:00 [WRN] [LAG SPOKE] HonestWork TownJobBehavior.OnHourlyTick took 7ms
2025-12-30 21:04:42.092 -06:00 [INF] Player finished 8-hour shift as instructor.
2025-12-30 21:05:27.199 -06:00 [WRN] [LAG SPOKE] HonestWork TownJobBehavior.OnHourlyTick took 30ms
2025-12-30 21:05:28.036 -06:00 [WRN] [LAG SPOKE] HonestWork TownJobBehavior.OnHourlyTick took 17ms
2025-12-30 21:05:30.090 -06:00 [INF] Player finished 8-hour shift as instructor.
2025-12-30 21:05:34.668 -06:00 [WRN] [LAG SPOKE] HonestWork TownJobBehavior.OnHourlyTick took 6ms
2025-12-30 21:05:36.759 -06:00 [INF] Player finished 8-hour shift as instructor.
2025-12-30 21:05:41.345 -06:00 [WRN] [LAG SPOKE] HonestWork TownJobBehavior.OnHourlyTick took 6ms
2025-12-30 21:05:43.432 -06:00 [INF] Player finished 8-hour shift as instructor.
2025-12-30 21:05:45.507 -06:00 [WRN] [LAG SPOKE] HonestWork TownJobBehavior.OnHourlyTick took 6ms
2025-12-30 21:05:48.006 -06:00 [WRN] [LAG SPOKE] HonestWork TownJobBehavior.OnHourlyTick took 6ms
2025-12-30 21:05:50.105 -06:00 [INF] Player finished 8-hour shift as instructor.
2025-12-30 21:05:53.008 -06:00 [WRN] [LAG SPOKE] HonestWork TownJobBehavior.OnHourlyTick took 7ms
2025-12-30 21:05:54.683 -06:00 [WRN] [LAG SPOKE] HonestWork TownJobBehavior.OnHourlyTick took 15ms
2025-12-30 21:05:56.376 -06:00 [WRN] [LAG SPOKE] HonestWork TownJobBehavior.OnHourlyTick took 7ms
2025-12-30 21:05:56.895 -06:00 [INF] Player finished 8-hour shift as instructor.
2025-12-30 21:06:01.589 -06:00 [WRN] [LAG SPOKE] HonestWork TownJobBehavior.OnHourlyTick took 7ms
2025-12-30 21:06:03.672 -06:00 [INF] Player finished 8-hour shift as instructor.
2025-12-30 21:06:08.237 -06:00 [WRN] [LAG SPOKE] HonestWork TownJobBehavior.OnHourlyTick took 6ms
2025-12-30 21:06:10.345 -06:00 [INF] Player finished 8-hour shift as instructor.
2025-12-30 21:06:14.073 -06:00 [WRN] [LAG SPOKE] HonestWork TownJobBehavior.OnHourlyTick took 12ms
2025-12-30 21:06:14.937 -06:00 [WRN] [LAG SPOKE] HonestWork TownJobBehavior.OnHourlyTick took 6ms
2025-12-30 21:06:17.020 -06:00 [INF] Player finished 8-hour shift as instructor.
2025-12-30 21:06:18.240 -06:00 [WRN] [LAG SPOKE] HonestWork TownJobBehavior.OnHourlyTick took 7ms
2025-12-30 21:06:21.596 -06:00 [WRN] [LAG SPOKE] HonestWork TownJobBehavior.OnHourlyTick took 6ms
2025-12-30 21:06:23.697 -06:00 [INF] Player finished 8-hour shift as instructor.
2025-12-30 21:06:24.075 -06:00 [WRN] [LAG SPOKE] HonestWork TownJobBehavior.OnHourlyTick took 7ms
2025-12-30 21:06:28.250 -06:00 [WRN] [LAG SPOKE] HonestWork TownJobBehavior.OnHourlyTick took 9ms
2025-12-30 21:06:30.362 -06:00 [INF] Player finished 8-hour shift as instructor.
2025-12-30 21:06:34.889 -06:00 [WRN] [LAG SPOKE] HonestWork TownJobBehavior.OnHourlyTick took 6ms
2025-12-30 21:06:37.035 -06:00 [INF] Player finished 8-hour shift as instructor.
2025-12-30 21:06:38.261 -06:00 [WRN] [LAG SPOKE] HonestWork TownJobBehavior.OnHourlyTick took 8ms
2025-12-30 21:06:41.570 -06:00 [WRN] [LAG SPOKE] HonestWork TownJobBehavior.OnHourlyTick took 9ms
2025-12-30 21:06:43.705 -06:00 [INF] Player finished 8-hour shift as instructor.
2025-12-30 21:06:44.893 -06:00 [WRN] [LAG SPOKE] HonestWork TownJobBehavior.OnHourlyTick took 7ms
2025-12-30 21:06:48.233 -06:00 [WRN] [LAG SPOKE] HonestWork TownJobBehavior.OnHourlyTick took 6ms
2025-12-30 21:06:50.375 -06:00 [INF] Player finished 8-hour shift as instructor.
2025-12-30 21:06:54.927 -06:00 [WRN] [LAG SPOKE] HonestWork TownJobBehavior.OnHourlyTick took 7ms
2025-12-30 21:06:57.050 -06:00 [INF] Player finished 8-hour shift as instructor.
2025-12-30 21:07:03.121 -06:00 [WRN] [LAG SPOKE] HonestWork TownJobBehavior.OnHourlyTick took 7ms
2025-12-30 21:07:05.257 -06:00 [INF] Player finished 8-hour shift as instructor.
2025-12-30 21:07:07.262 -06:00 [WRN] [LAG SPOKE] HonestWork TownJobBehavior.OnHourlyTick took 8ms
2025-12-30 21:07:09.789 -06:00 [WRN] [LAG SPOKE] HonestWork TownJobBehavior.OnHourlyTick took 7ms
2025-12-30 21:07:11.449 -06:00 [WRN] [LAG SPOKE] HonestWork TownJobBehavior.OnHourlyTick took 9ms
2025-12-30 21:07:11.926 -06:00 [INF] Player finished 8-hour shift as instructor.
2025-12-30 21:07:16.463 -06:00 [WRN] [LAG SPOKE] HonestWork TownJobBehavior.OnHourlyTick took 7ms
2025-12-30 21:07:18.596 -06:00 [INF] Player finished 8-hour shift as instructor.
2025-12-30 21:07:19.774 -06:00 [WRN] [LAG SPOKE] HonestWork TownJobBehavior.OnHourlyTick took 7ms
2025-12-30 21:07:23.115 -06:00 [WRN] [LAG SPOKE] HonestWork TownJobBehavior.OnHourlyTick took 7ms
2025-12-30 21:07:24.789 -06:00 [WRN] [LAG SPOKE] HonestWork TownJobBehavior.OnHourlyTick took 7ms
2025-12-30 21:07:25.269 -06:00 [INF] Player finished 8-hour shift as instructor.
2025-12-30 21:07:29.799 -06:00 [WRN] [LAG SPOKE] HonestWork TownJobBehavior.OnHourlyTick took 7ms
2025-12-30 21:07:31.943 -06:00 [INF] Player finished 8-hour shift as instructor.
2025-12-30 21:07:36.452 -06:00 [WRN] [LAG SPOKE] HonestWork TownJobBehavior.OnHourlyTick took 6ms
2025-12-30 21:07:38.613 -06:00 [INF] Player finished 8-hour shift as instructor.
2025-12-30 21:07:39.763 -06:00 [WRN] [LAG SPOKE] HonestWork TownJobBehavior.OnHourlyTick took 7ms
2025-12-30 21:07:43.115 -06:00 [WRN] [LAG SPOKE] HonestWork TownJobBehavior.OnHourlyTick took 7ms
2025-12-30 21:07:45.290 -06:00 [INF] Player finished 8-hour shift as instructor.
2025-12-30 21:07:46.459 -06:00 [WRN] [LAG SPOKE] HonestWork TownJobBehavior.OnHourlyTick took 7ms
2025-12-30 21:07:48.094 -06:00 [WRN] [LAG SPOKE] HonestWork TownJobBehavior.OnHourlyTick took 7ms
2025-12-30 21:07:49.784 -06:00 [WRN] [LAG SPOKE] HonestWork TownJobBehavior.OnHourlyTick took 7ms
2025-12-30 21:07:51.963 -06:00 [INF] Player finished 8-hour shift as instructor.
2025-12-30 21:07:56.472 -06:00 [WRN] [LAG SPOKE] HonestWork TownJobBehavior.OnHourlyTick took 7ms
2025-12-30 21:07:58.631 -06:00 [INF] Player finished 8-hour shift as instructor.
2025-12-30 21:08:03.126 -06:00 [WRN] [LAG SPOKE] HonestWork TownJobBehavior.OnHourlyTick took 6ms
2025-12-30 21:08:05.302 -06:00 [INF] Player finished 8-hour shift as instructor.
2025-12-30 21:08:09.788 -06:00 [WRN] [LAG SPOKE] HonestWork TownJobBehavior.OnHourlyTick took 6ms
2025-12-30 21:08:11.977 -06:00 [INF] Player finished 8-hour shift as instructor.
2025-12-30 21:08:16.454 -06:00 [WRN] [LAG SPOKE] HonestWork TownJobBehavior.OnHourlyTick took 6ms
2025-12-30 21:08:18.650 -06:00 [INF] Player finished 8-hour shift as instructor.
2025-12-30 21:08:23.116 -06:00 [WRN] [LAG SPOKE] HonestWork TownJobBehavior.OnHourlyTick took 6ms
2025-12-30 21:08:25.317 -06:00 [INF] Player finished 8-hour shift as instructor.
2025-12-30 21:08:29.786 -06:00 [WRN] [LAG SPOKE] HonestWork TownJobBehavior.OnHourlyTick took 9ms
2025-12-30 21:08:31.988 -06:00 [INF] Player finished 8-hour shift as instructor.
2025-12-30 21:08:36.433 -06:00 [WRN] [LAG SPOKE] HonestWork TownJobBehavior.OnHourlyTick took 7ms
2025-12-30 21:08:38.661 -06:00 [INF] Player finished 8-hour shift as instructor.
2025-12-30 21:08:43.118 -06:00 [WRN] [LAG SPOKE] HonestWork TownJobBehavior.OnHourlyTick took 6ms
2025-12-30 21:08:45.330 -06:00 [INF] Player finished 8-hour shift as instructor.
2025-12-30 21:08:49.772 -06:00 [WRN] [LAG SPOKE] HonestWork TownJobBehavior.OnHourlyTick took 6ms
2025-12-30 21:08:52.007 -06:00 [INF] Player finished 8-hour shift as instructor.
2025-12-30 21:08:56.450 -06:00 [WRN] [LAG SPOKE] HonestWork TownJobBehavior.OnHourlyTick took 6ms
2025-12-30 21:08:58.678 -06:00 [INF] Player finished 8-hour shift as instructor.
2025-12-30 21:09:03.140 -06:00 [WRN] [LAG SPOKE] HonestWork TownJobBehavior.OnHourlyTick took 7ms
2025-12-30 21:09:05.347 -06:00 [INF] Player finished 8-hour shift as instructor.
2025-12-30 21:09:09.763 -06:00 [WRN] [LAG SPOKE] HonestWork TownJobBehavior.OnHourlyTick took 7ms
2025-12-30 21:09:12.020 -06:00 [INF] Player finished 8-hour shift as instructor.
2025-12-30 21:09:13.122 -06:00 [WRN] [LAG SPOKE] HonestWork TownJobBehavior.OnHourlyTick took 11ms
2025-12-30 21:09:14.763 -06:00 [WRN] [LAG SPOKE] HonestWork TownJobBehavior.OnHourlyTick took 7ms
2025-12-30 21:09:16.457 -06:00 [WRN] [LAG SPOKE] HonestWork TownJobBehavior.OnHourlyTick took 6ms
2025-12-30 21:09:18.689 -06:00 [INF] Player finished 8-hour shift as instructor.
2025-12-30 21:09:21.460 -06:00 [WRN] [LAG SPOKE] HonestWork TownJobBehavior.OnHourlyTick took 7ms
2025-12-30 21:09:23.123 -06:00 [WRN] [LAG SPOKE] HonestWork TownJobBehavior.OnHourlyTick took 7ms
2025-12-30 21:09:25.374 -06:00 [INF] Player finished 8-hour shift as instructor.
2025-12-30 21:09:26.453 -06:00 [WRN] [LAG SPOKE] HonestWork TownJobBehavior.OnHourlyTick took 7ms
2025-12-30 21:09:28.115 -06:00 [WRN] [LAG SPOKE] HonestWork TownJobBehavior.OnHourlyTick took 7ms
2025-12-30 21:09:29.787 -06:00 [WRN] [LAG SPOKE] HonestWork TownJobBehavior.OnHourlyTick took 6ms
2025-12-30 21:09:32.096 -06:00 [INF] Player finished 8-hour shift as instructor.
2025-12-30 21:09:36.462 -06:00 [WRN] [LAG SPOKE] HonestWork TownJobBehavior.OnHourlyTick took 7ms
2025-12-30 21:09:38.715 -06:00 [INF] Player finished 8-hour shift as instructor.
2025-12-30 21:09:43.112 -06:00 [WRN] [LAG SPOKE] HonestWork TownJobBehavior.OnHourlyTick took 6ms
2025-12-30 21:09:45.389 -06:00 [INF] Player finished 8-hour shift as instructor.
2025-12-30 21:09:49.811 -06:00 [WRN] [LAG SPOKE] HonestWork TownJobBehavior.OnHourlyTick took 6ms
2025-12-30 21:09:52.063 -06:00 [INF] Player finished 8-hour shift as instructor.
2025-12-30 21:09:52.279 -06:00 [WRN] [LAG SPOKE] HonestWork TownJobBehavior.OnHourlyTick took 8ms
2025-12-30 21:09:56.472 -06:00 [WRN] [LAG SPOKE] HonestWork TownJobBehavior.OnHourlyTick took 7ms
2025-12-30 21:09:58.731 -06:00 [INF] Player finished 8-hour shift as instructor.
2025-12-30 21:10:03.144 -06:00 [WRN] [LAG SPOKE] HonestWork TownJobBehavior.OnHourlyTick took 7ms
2025-12-30 21:10:05.408 -06:00 [INF] Player finished 8-hour shift as instructor.
2025-12-30 21:10:09.784 -06:00 [WRN] [LAG SPOKE] HonestWork TownJobBehavior.OnHourlyTick took 6ms
2025-12-30 21:10:12.092 -06:00 [INF] Player finished 8-hour shift as instructor.
2025-12-30 21:10:16.446 -06:00 [WRN] [LAG SPOKE] HonestWork TownJobBehavior.OnHourlyTick took 7ms
2025-12-30 21:10:18.107 -06:00 [WRN] [LAG SPOKE] HonestWork TownJobBehavior.OnHourlyTick took 7ms
2025-12-30 21:10:18.753 -06:00 [INF] Player finished 8-hour shift as instructor.
2025-12-30 21:10:22.290 -06:00 [WRN] [LAG SPOKE] HonestWork TownJobBehavior.OnHourlyTick took 7ms
2025-12-30 21:10:23.142 -06:00 [WRN] [LAG SPOKE] HonestWork TownJobBehavior.OnHourlyTick took 7ms
2025-12-30 21:10:24.804 -06:00 [WRN] [LAG SPOKE] HonestWork TownJobBehavior.OnHourlyTick took 12ms
2025-12-30 21:10:25.422 -06:00 [INF] Player finished 8-hour shift as instructor.
2025-12-30 21:10:29.779 -06:00 [WRN] [LAG SPOKE] HonestWork TownJobBehavior.OnHourlyTick took 6ms
2025-12-30 21:10:32.097 -06:00 [INF] Player finished 8-hour shift as instructor.
2025-12-30 21:10:36.460 -06:00 [WRN] [LAG SPOKE] HonestWork TownJobBehavior.OnHourlyTick took 7ms
2025-12-30 21:10:38.770 -06:00 [INF] Player finished 8-hour shift as instructor.
2025-12-30 21:10:43.126 -06:00 [WRN] [LAG SPOKE] HonestWork TownJobBehavior.OnHourlyTick took 6ms
2025-12-30 21:10:44.798 -06:00 [WRN] [LAG SPOKE] HonestWork TownJobBehavior.OnHourlyTick took 8ms
2025-12-30 21:10:45.438 -06:00 [INF] Player finished 8-hour shift as instructor.
2025-12-30 21:10:49.005 -06:00 [WRN] [LAG SPOKE] HonestWork TownJobBehavior.OnHourlyTick took 6ms
2025-12-30 21:10:49.772 -06:00 [WRN] [LAG SPOKE] HonestWork TownJobBehavior.OnHourlyTick took 6ms
2025-12-30 21:10:52.120 -06:00 [INF] Player finished 8-hour shift as instructor.
2025-12-30 21:10:56.453 -06:00 [WRN] [LAG SPOKE] HonestWork TownJobBehavior.OnHourlyTick took 7ms
2025-12-30 21:10:58.792 -06:00 [INF] Player finished 8-hour shift as instructor.
2025-12-30 21:11:03.143 -06:00 [WRN] [LAG SPOKE] HonestWork TownJobBehavior.OnHourlyTick took 6ms
2025-12-30 21:11:05.460 -06:00 [INF] Player finished 8-hour shift as instructor.
2025-12-30 21:11:09.786 -06:00 [WRN] [LAG SPOKE] HonestWork TownJobBehavior.OnHourlyTick took 6ms
2025-12-30 21:11:12.126 -06:00 [INF] Player finished 8-hour shift as instructor.
2025-12-30 21:11:16.453 -06:00 [WRN] [LAG SPOKE] HonestWork TownJobBehavior.OnHourlyTick took 7ms
2025-12-30 21:11:18.803 -06:00 [INF] Player finished 8-hour shift as instructor.
2025-12-30 21:11:20.615 -06:00 [WRN] [LAG SPOKE] HonestWork TownJobBehavior.OnHourlyTick took 7ms
2025-12-30 21:11:23.116 -06:00 [WRN] [LAG SPOKE] HonestWork TownJobBehavior.OnHourlyTick took 6ms
2025-12-30 21:11:25.469 -06:00 [INF] Player finished 8-hour shift as instructor.
2025-12-30 21:11:29.782 -06:00 [WRN] [LAG SPOKE] HonestWork TownJobBehavior.OnHourlyTick took 6ms
2025-12-30 21:11:32.140 -06:00 [INF] Player finished 8-hour shift as instructor.
2025-12-30 21:11:34.807 -06:00 [WRN] [LAG SPOKE] HonestWork TownJobBehavior.OnHourlyTick took 7ms
2025-12-30 21:11:36.457 -06:00 [WRN] [LAG SPOKE] HonestWork TownJobBehavior.OnHourlyTick took 7ms
2025-12-30 21:11:38.810 -06:00 [INF] Player finished 8-hour shift as instructor.
2025-12-30 21:11:43.143 -06:00 [WRN] [LAG SPOKE] HonestWork TownJobBehavior.OnHourlyTick took 7ms
2025-12-30 21:11:45.485 -06:00 [INF] Player finished 8-hour shift as instructor.
2025-12-30 21:11:47.292 -06:00 [WRN] [LAG SPOKE] HonestWork TownJobBehavior.OnHourlyTick took 7ms
2025-12-30 21:11:49.801 -06:00 [WRN] [LAG SPOKE] HonestWork TownJobBehavior.OnHourlyTick took 6ms
2025-12-30 21:11:50.645 -06:00 [WRN] [LAG SPOKE] HonestWork TownJobBehavior.OnHourlyTick took 7ms
2025-12-30 21:11:52.159 -06:00 [INF] Player finished 8-hour shift as instructor.
2025-12-30 21:11:56.455 -06:00 [WRN] [LAG SPOKE] HonestWork TownJobBehavior.OnHourlyTick took 7ms
2025-12-30 21:11:58.834 -06:00 [INF] Player finished 8-hour shift as instructor.
2025-12-30 21:12:04.761 -06:00 [WRN] [LAG SPOKE] HonestWork TownJobBehavior.OnHourlyTick took 7ms
2025-12-30 21:12:07.161 -06:00 [INF] Player finished 8-hour shift as instructor.
2025-12-30 21:12:11.465 -06:00 [WRN] [LAG SPOKE] HonestWork TownJobBehavior.OnHourlyTick took 6ms
2025-12-30 21:12:13.826 -06:00 [INF] Player finished 8-hour shift as instructor.
2025-12-30 21:12:16.445 -06:00 [WRN] [LAG SPOKE] HonestWork TownJobBehavior.OnHourlyTick took 8ms
2025-12-30 21:12:18.125 -06:00 [WRN] [LAG SPOKE] HonestWork TownJobBehavior.OnHourlyTick took 7ms
2025-12-30 21:12:20.502 -06:00 [INF] Player finished 8-hour shift as instructor.
2025-12-30 21:12:23.115 -06:00 [WRN] [LAG SPOKE] HonestWork TownJobBehavior.OnHourlyTick took 8ms
2025-12-30 21:12:24.781 -06:00 [WRN] [LAG SPOKE] HonestWork TownJobBehavior.OnHourlyTick took 9ms
2025-12-30 21:12:27.176 -06:00 [INF] Player finished 8-hour shift as instructor.
2025-12-30 21:12:30.638 -06:00 [WRN] [LAG SPOKE] HonestWork TownJobBehavior.OnHourlyTick took 8ms
2025-12-30 21:12:31.453 -06:00 [WRN] [LAG SPOKE] HonestWork TownJobBehavior.OnHourlyTick took 7ms
2025-12-30 21:12:32.285 -06:00 [WRN] [LAG SPOKE] HonestWork TownJobBehavior.OnHourlyTick took 8ms
2025-12-30 21:12:33.845 -06:00 [INF] Player finished 8-hour shift as instructor.
2025-12-30 21:12:38.118 -06:00 [WRN] [LAG SPOKE] HonestWork TownJobBehavior.OnHourlyTick took 7ms
2025-12-30 21:12:38.958 -06:00 [WRN] [LAG SPOKE] HonestWork TownJobBehavior.OnHourlyTick took 7ms
2025-12-30 21:12:40.519 -06:00 [INF] Player finished 8-hour shift as instructor.
2025-12-30 21:12:44.808 -06:00 [WRN] [LAG SPOKE] HonestWork TownJobBehavior.OnHourlyTick took 7ms
2025-12-30 21:12:45.615 -06:00 [WRN] [LAG SPOKE] HonestWork TownJobBehavior.OnHourlyTick took 11ms
2025-12-30 21:12:47.191 -06:00 [INF] Player finished 8-hour shift as instructor.
2025-12-30 21:12:47.292 -06:00 [WRN] [LAG SPOKE] HonestWork TownJobBehavior.OnHourlyTick took 7ms
2025-12-30 21:12:51.452 -06:00 [WRN] [LAG SPOKE] HonestWork TownJobBehavior.OnHourlyTick took 7ms
2025-12-30 21:12:53.858 -06:00 [INF] Player finished 8-hour shift as instructor.
2025-12-30 21:12:58.095 -06:00 [WRN] [LAG SPOKE] HonestWork TownJobBehavior.OnHourlyTick took 7ms
2025-12-30 21:13:00.533 -06:00 [INF] Player finished 8-hour shift as instructor.
2025-12-30 21:13:04.802 -06:00 [WRN] [LAG SPOKE] HonestWork TownJobBehavior.OnHourlyTick took 7ms
2025-12-30 21:13:07.203 -06:00 [INF] Player finished 8-hour shift as instructor.
2025-12-30 21:13:12.993 -06:00 [WRN] [LAG SPOKE] HonestWork TownJobBehavior.OnHourlyTick took 7ms
2025-12-30 21:13:15.423 -06:00 [INF] Player finished 8-hour shift as instructor.
2025-12-30 21:13:19.674 -06:00 [WRN] [LAG SPOKE] HonestWork TownJobBehavior.OnHourlyTick took 7ms
2025-12-30 21:13:21.323 -06:00 [WRN] [LAG SPOKE] HonestWork TownJobBehavior.OnHourlyTick took 7ms
2025-12-30 21:13:22.089 -06:00 [INF] Player finished 8-hour shift as instructor.
2025-12-30 21:13:23.016 -06:00 [WRN] [LAG SPOKE] HonestWork TownJobBehavior.OnHourlyTick took 7ms
2025-12-30 21:17:59.718 -06:00 [WRN] [LAG SPOKE] HonestWork TownJobBehavior.OnHourlyTick took 6ms
2025-12-30 21:18:02.147 -06:00 [INF] Player finished 8-hour shift as instructor.
2025-12-30 21:18:03.065 -06:00 [WRN] [LAG SPOKE] HonestWork TownJobBehavior.OnHourlyTick took 8ms
2025-12-30 21:18:06.380 -06:00 [WRN] [LAG SPOKE] HonestWork TownJobBehavior.OnHourlyTick took 6ms
2025-12-30 21:18:08.818 -06:00 [INF] Player finished 8-hour shift as instructor.
2025-12-30 21:18:13.050 -06:00 [WRN] [LAG SPOKE] HonestWork TownJobBehavior.OnHourlyTick took 6ms
2025-12-30 21:18:15.486 -06:00 [INF] Player finished 8-hour shift as instructor.
2025-12-30 21:18:19.737 -06:00 [WRN] [LAG SPOKE] HonestWork TownJobBehavior.OnHourlyTick took 6ms
2025-12-30 21:18:22.155 -06:00 [INF] Player finished 8-hour shift as instructor.
2025-12-30 21:18:26.381 -06:00 [WRN] [LAG SPOKE] HonestWork TownJobBehavior.OnHourlyTick took 6ms
2025-12-30 21:18:28.826 -06:00 [INF] Player finished 8-hour shift as instructor.
2025-12-30 21:18:33.078 -06:00 [WRN] [LAG SPOKE] HonestWork TownJobBehavior.OnHourlyTick took 6ms
2025-12-30 21:18:35.500 -06:00 [INF] Player finished 8-hour shift as instructor.
2025-12-30 21:18:39.707 -06:00 [WRN] [LAG SPOKE] HonestWork TownJobBehavior.OnHourlyTick took 6ms
2025-12-30 21:18:42.169 -06:00 [INF] Player finished 8-hour shift as instructor.
2025-12-30 21:18:46.374 -06:00 [WRN] [LAG SPOKE] HonestWork TownJobBehavior.OnHourlyTick took 6ms
2025-12-30 21:18:48.841 -06:00 [INF] Player finished 8-hour shift as instructor.
2025-12-30 21:18:52.250 -06:00 [WRN] [LAG SPOKE] HonestWork TownJobBehavior.OnHourlyTick took 8ms
2025-12-30 21:18:53.055 -06:00 [WRN] [LAG SPOKE] HonestWork TownJobBehavior.OnHourlyTick took 6ms
2025-12-30 21:18:55.514 -06:00 [INF] Player finished 8-hour shift as instructor.
2025-12-30 21:18:59.710 -06:00 [WRN] [LAG SPOKE] HonestWork TownJobBehavior.OnHourlyTick took 7ms
2025-12-30 21:19:02.188 -06:00 [INF] Player finished 8-hour shift as instructor.
2025-12-30 21:19:06.400 -06:00 [WRN] [LAG SPOKE] HonestWork TownJobBehavior.OnHourlyTick took 6ms
2025-12-30 21:19:08.861 -06:00 [INF] Player finished 8-hour shift as instructor.
2025-12-30 21:19:08.886 -06:00 [WRN] [LAG SPOKE] HonestWork TownJobBehavior.OnHourlyTick took 7ms
2025-12-30 21:19:13.065 -06:00 [WRN] [LAG SPOKE] HonestWork TownJobBehavior.OnHourlyTick took 7ms
2025-12-30 21:19:15.533 -06:00 [INF] Player finished 8-hour shift as instructor.
2025-12-30 21:19:16.394 -06:00 [WRN] [LAG SPOKE] HonestWork TownJobBehavior.OnHourlyTick took 7ms
2025-12-30 21:19:18.052 -06:00 [WRN] [LAG SPOKE] HonestWork TownJobBehavior.OnHourlyTick took 7ms
2025-12-30 21:19:19.720 -06:00 [WRN] [LAG SPOKE] HonestWork TownJobBehavior.OnHourlyTick took 9ms
2025-12-30 21:19:22.208 -06:00 [INF] Player finished 8-hour shift as instructor.
2025-12-30 21:19:26.397 -06:00 [WRN] [LAG SPOKE] HonestWork TownJobBehavior.OnHourlyTick took 7ms
2025-12-30 21:19:28.880 -06:00 [INF] Player finished 8-hour shift as instructor.
2025-12-30 21:19:33.044 -06:00 [WRN] [LAG SPOKE] HonestWork TownJobBehavior.OnHourlyTick took 7ms
2025-12-30 21:19:35.562 -06:00 [INF] Player finished 8-hour shift as instructor.
2025-12-30 21:19:39.737 -06:00 [WRN] [LAG SPOKE] HonestWork TownJobBehavior.OnHourlyTick took 7ms
2025-12-30 21:19:42.232 -06:00 [INF] Player finished 8-hour shift as instructor.
2025-12-30 21:19:46.393 -06:00 [WRN] [LAG SPOKE] HonestWork TownJobBehavior.OnHourlyTick took 7ms
2025-12-30 21:19:48.908 -06:00 [INF] Player finished 8-hour shift as instructor.
2025-12-30 21:19:49.745 -06:00 [WRN] [LAG SPOKE] HonestWork TownJobBehavior.OnHourlyTick took 6ms
2025-12-30 21:19:53.072 -06:00 [WRN] [LAG SPOKE] HonestWork TownJobBehavior.OnHourlyTick took 7ms
2025-12-30 21:19:55.584 -06:00 [INF] Player finished 8-hour shift as instructor.
2025-12-30 21:19:59.714 -06:00 [WRN] [LAG SPOKE] HonestWork TownJobBehavior.OnHourlyTick took 7ms
2025-12-30 21:20:02.251 -06:00 [INF] Player finished 8-hour shift as instructor.
2025-12-30 21:20:06.373 -06:00 [WRN] [LAG SPOKE] HonestWork TownJobBehavior.OnHourlyTick took 6ms
2025-12-30 21:20:08.926 -06:00 [INF] Player finished 8-hour shift as instructor.
2025-12-30 21:20:12.248 -06:00 [WRN] [LAG SPOKE] HonestWork TownJobBehavior.OnHourlyTick took 11ms
2025-12-30 21:20:13.038 -06:00 [WRN] [LAG SPOKE] HonestWork TownJobBehavior.OnHourlyTick took 7ms
2025-12-30 21:20:14.748 -06:00 [WRN] [LAG SPOKE] HonestWork TownJobBehavior.OnHourlyTick took 8ms
2025-12-30 21:20:15.597 -06:00 [INF] Player finished 8-hour shift as instructor.
2025-12-30 21:20:17.224 -06:00 [WRN] [LAG SPOKE] HonestWork TownJobBehavior.OnHourlyTick took 8ms
2025-12-30 21:20:19.710 -06:00 [WRN] [LAG SPOKE] HonestWork TownJobBehavior.OnHourlyTick took 7ms
2025-12-30 21:20:22.275 -06:00 [INF] Player finished 8-hour shift as instructor.
2025-12-30 21:20:24.727 -06:00 [WRN] [LAG SPOKE] HonestWork TownJobBehavior.OnHourlyTick took 7ms
2025-12-30 21:20:26.384 -06:00 [WRN] [LAG SPOKE] HonestWork TownJobBehavior.OnHourlyTick took 7ms
2025-12-30 21:20:28.944 -06:00 [INF] Player finished 8-hour shift as instructor.
2025-12-30 21:20:29.712 -06:00 [WRN] [LAG SPOKE] HonestWork TownJobBehavior.OnHourlyTick took 8ms
2025-12-30 21:20:33.044 -06:00 [WRN] [LAG SPOKE] HonestWork TownJobBehavior.OnHourlyTick took 7ms
2025-12-30 21:20:35.619 -06:00 [INF] Player finished 8-hour shift as instructor.
2025-12-30 21:20:39.746 -06:00 [WRN] [LAG SPOKE] HonestWork TownJobBehavior.OnHourlyTick took 7ms
2025-12-30 21:20:42.308 -06:00 [INF] Player finished 8-hour shift as instructor.
2025-12-30 21:20:46.390 -06:00 [WRN] [LAG SPOKE] HonestWork TownJobBehavior.OnHourlyTick took 7ms
2025-12-30 21:20:48.984 -06:00 [INF] Player finished 8-hour shift as instructor.
2025-12-30 21:20:53.070 -06:00 [WRN] [LAG SPOKE] HonestWork TownJobBehavior.OnHourlyTick took 7ms
2025-12-30 21:20:55.653 -06:00 [INF] Player finished 8-hour shift as instructor.
2025-12-30 21:20:58.888 -06:00 [WRN] [LAG SPOKE] HonestWork TownJobBehavior.OnHourlyTick took 8ms
2025-12-30 21:20:59.758 -06:00 [WRN] [LAG SPOKE] HonestWork TownJobBehavior.OnHourlyTick took 7ms
2025-12-30 21:21:02.331 -06:00 [INF] Player finished 8-hour shift as instructor.
2025-12-30 21:21:06.420 -06:00 [WRN] [LAG SPOKE] HonestWork TownJobBehavior.OnHourlyTick took 7ms
2025-12-30 21:21:09.002 -06:00 [INF] Player finished 8-hour shift as instructor.
2025-12-30 21:21:12.240 -06:00 [WRN] [LAG SPOKE] HonestWork TownJobBehavior.OnHourlyTick took 10ms
2025-12-30 21:21:13.066 -06:00 [WRN] [LAG SPOKE] HonestWork TownJobBehavior.OnHourlyTick took 7ms
2025-12-30 21:21:15.674 -06:00 [INF] Player finished 8-hour shift as instructor.
2025-12-30 21:21:19.737 -06:00 [WRN] [LAG SPOKE] HonestWork TownJobBehavior.OnHourlyTick took 7ms
2025-12-30 21:21:22.346 -06:00 [INF] Player finished 8-hour shift as instructor.
2025-12-30 21:21:26.405 -06:00 [WRN] [LAG SPOKE] HonestWork TownJobBehavior.OnHourlyTick took 7ms
2025-12-30 21:21:29.018 -06:00 [INF] Player finished 8-hour shift as instructor.
2025-12-30 21:21:33.069 -06:00 [WRN] [LAG SPOKE] HonestWork TownJobBehavior.OnHourlyTick took 7ms
2025-12-30 21:21:35.704 -06:00 [INF] Player finished 8-hour shift as instructor.
2025-12-30 21:21:39.742 -06:00 [WRN] [LAG SPOKE] HonestWork TownJobBehavior.OnHourlyTick took 7ms
2025-12-30 21:21:42.371 -06:00 [INF] Player finished 8-hour shift as instructor.
2025-12-30 21:21:46.440 -06:00 [WRN] [LAG SPOKE] HonestWork TownJobBehavior.OnHourlyTick took 7ms
2025-12-30 21:21:49.054 -06:00 [INF] Player finished 8-hour shift as instructor.
2025-12-30 21:21:53.102 -06:00 [WRN] [LAG SPOKE] HonestWork TownJobBehavior.OnHourlyTick took 7ms
2025-12-30 21:21:55.726 -06:00 [INF] Player finished 8-hour shift as instructor.
2025-12-30 21:21:59.752 -06:00 [WRN] [LAG SPOKE] HonestWork TownJobBehavior.OnHourlyTick took 7ms
2025-12-30 21:22:02.395 -06:00 [INF] Player finished 8-hour shift as instructor.
2025-12-30 21:22:06.438 -06:00 [WRN] [LAG SPOKE] HonestWork TownJobBehavior.OnHourlyTick took 8ms
2025-12-30 21:22:09.073 -06:00 [INF] Player finished 8-hour shift as instructor.
2025-12-30 21:22:13.125 -06:00 [WRN] [LAG SPOKE] HonestWork TownJobBehavior.OnHourlyTick took 7ms
2025-12-30 21:22:13.947 -06:00 [WRN] [LAG SPOKE] HonestWork TownJobBehavior.OnHourlyTick took 9ms
2025-12-30 21:22:15.743 -06:00 [INF] Player finished 8-hour shift as instructor.
2025-12-30 21:22:18.115 -06:00 [WRN] [LAG SPOKE] HonestWork TownJobBehavior.OnHourlyTick took 7ms
2025-12-30 21:22:19.781 -06:00 [WRN] [LAG SPOKE] HonestWork TownJobBehavior.OnHourlyTick took 7ms
2025-12-30 21:22:22.411 -06:00 [INF] Player finished 8-hour shift as instructor.
2025-12-30 21:22:26.425 -06:00 [WRN] [LAG SPOKE] HonestWork TownJobBehavior.OnHourlyTick took 7ms
2025-12-30 21:22:29.086 -06:00 [INF] Player finished 8-hour shift as instructor.
2025-12-30 21:22:31.443 -06:00 [WRN] [LAG SPOKE] HonestWork TownJobBehavior.OnHourlyTick took 7ms
2025-12-30 21:22:33.124 -06:00 [WRN] [LAG SPOKE] HonestWork TownJobBehavior.OnHourlyTick took 7ms
2025-12-30 21:22:35.763 -06:00 [INF] Player finished 8-hour shift as instructor.
2025-12-30 21:22:39.789 -06:00 [WRN] [LAG SPOKE] HonestWork TownJobBehavior.OnHourlyTick took 7ms
2025-12-30 21:22:42.431 -06:00 [INF] Player finished 8-hour shift as instructor.
2025-12-30 21:22:46.442 -06:00 [WRN] [LAG SPOKE] HonestWork TownJobBehavior.OnHourlyTick took 7ms
2025-12-30 21:22:49.118 -06:00 [INF] Player finished 8-hour shift as instructor.
2025-12-30 21:22:53.110 -06:00 [WRN] [LAG SPOKE] HonestWork TownJobBehavior.OnHourlyTick took 7ms
2025-12-30 21:22:55.794 -06:00 [INF] Player finished 8-hour shift as instructor.
2025-12-30 21:23:01.560 -06:00 [WRN] [LAG SPOKE] HonestWork TownJobBehavior.OnHourlyTick took 8ms
2025-12-30 21:23:04.246 -06:00 [INF] Player finished 8-hour shift as instructor.
2025-12-30 21:23:08.244 -06:00 [WRN] [LAG SPOKE] HonestWork TownJobBehavior.OnHourlyTick took 7ms
2025-12-30 21:23:10.938 -06:00 [INF] Player finished 8-hour shift as instructor.
2025-12-30 21:23:14.908 -06:00 [WRN] [LAG SPOKE] HonestWork TownJobBehavior.OnHourlyTick took 7ms
2025-12-30 21:23:17.607 -06:00 [INF] Player finished 8-hour shift as instructor.
2025-12-30 21:23:21.590 -06:00 [WRN] [LAG SPOKE] HonestWork TownJobBehavior.OnHourlyTick took 7ms
2025-12-30 21:23:24.276 -06:00 [INF] Player finished 8-hour shift as instructor.
2025-12-30 21:23:28.264 -06:00 [WRN] [LAG SPOKE] HonestWork TownJobBehavior.OnHourlyTick took 7ms
2025-12-30 21:23:30.775 -06:00 [WRN] [LAG SPOKE] HonestWork TownJobBehavior.OnHourlyTick took 7ms
2025-12-30 21:23:30.969 -06:00 [INF] Player finished 8-hour shift as instructor.
2025-12-30 21:23:34.090 -06:00 [WRN] [LAG SPOKE] HonestWork TownJobBehavior.OnHourlyTick took 9ms
2025-12-30 21:23:34.920 -06:00 [WRN] [LAG SPOKE] HonestWork TownJobBehavior.OnHourlyTick took 7ms
2025-12-30 21:23:37.642 -06:00 [INF] Player finished 8-hour shift as instructor.
2025-12-30 21:23:41.587 -06:00 [WRN] [LAG SPOKE] HonestWork TownJobBehavior.OnHourlyTick took 7ms
2025-12-30 21:23:44.314 -06:00 [INF] Player finished 8-hour shift as instructor.
2025-12-30 21:23:44.932 -06:00 [WRN] [LAG SPOKE] HonestWork TownJobBehavior.OnHourlyTick took 7ms
2025-12-30 21:23:48.275 -06:00 [WRN] [LAG SPOKE] HonestWork TownJobBehavior.OnHourlyTick took 7ms
2025-12-30 21:23:51.002 -06:00 [INF] Player finished 8-hour shift as instructor.
2025-12-30 21:23:54.959 -06:00 [WRN] [LAG SPOKE] HonestWork TownJobBehavior.OnHourlyTick took 7ms
2025-12-30 21:23:57.678 -06:00 [INF] Player finished 8-hour shift as instructor.
2025-12-30 21:24:01.608 -06:00 [WRN] [LAG SPOKE] HonestWork TownJobBehavior.OnHourlyTick took 7ms
2025-12-30 21:24:04.350 -06:00 [INF] Player finished 8-hour shift as instructor.
2025-12-30 21:24:08.283 -06:00 [WRN] [LAG SPOKE] HonestWork TownJobBehavior.OnHourlyTick took 7ms
2025-12-30 21:24:11.042 -06:00 [INF] Player finished 8-hour shift as instructor.
2025-12-30 21:24:12.465 -06:00 [WRN] [LAG SPOKE] HonestWork TownJobBehavior.OnHourlyTick took 7ms
2025-12-30 21:24:14.965 -06:00 [WRN] [LAG SPOKE] HonestWork TownJobBehavior.OnHourlyTick took 7ms
2025-12-30 21:24:17.715 -06:00 [INF] Player finished 8-hour shift as instructor.
2025-12-30 21:24:21.627 -06:00 [WRN] [LAG SPOKE] HonestWork TownJobBehavior.OnHourlyTick took 7ms
2025-12-30 21:24:24.388 -06:00 [INF] Player finished 8-hour shift as instructor.
2025-12-30 21:24:28.316 -06:00 [WRN] [LAG SPOKE] HonestWork TownJobBehavior.OnHourlyTick took 7ms
2025-12-30 21:24:31.078 -06:00 [INF] Player finished 8-hour shift as instructor.
2025-12-30 21:24:34.985 -06:00 [WRN] [LAG SPOKE] HonestWork TownJobBehavior.OnHourlyTick took 7ms
2025-12-30 21:24:37.758 -06:00 [INF] Player finished 8-hour shift as instructor.
2025-12-30 21:24:41.666 -06:00 [WRN] [LAG SPOKE] HonestWork TownJobBehavior.OnHourlyTick took 10ms
2025-12-30 21:24:44.434 -06:00 [INF] Player finished 8-hour shift as instructor.
2025-12-30 21:24:46.620 -06:00 [WRN] [LAG SPOKE] HonestWork TownJobBehavior.OnHourlyTick took 7ms
2025-12-30 21:24:47.541 -06:00 [WRN] [LAG SPOKE] HonestWork TownJobBehavior.OnHourlyTick took 6ms
2025-12-30 21:24:48.317 -06:00 [WRN] [LAG SPOKE] HonestWork TownJobBehavior.OnHourlyTick took 7ms
2025-12-30 21:24:51.131 -06:00 [INF] Player finished 8-hour shift as instructor.
2025-12-30 21:24:53.335 -06:00 [WRN] [LAG SPOKE] HonestWork TownJobBehavior.OnHourlyTick took 7ms
2025-12-30 21:24:54.985 -06:00 [WRN] [LAG SPOKE] HonestWork TownJobBehavior.OnHourlyTick took 7ms
2025-12-30 21:24:56.659 -06:00 [WRN] [LAG SPOKE] HonestWork TownJobBehavior.OnHourlyTick took 7ms
2025-12-30 21:24:57.798 -06:00 [INF] Player finished 8-hour shift as instructor.
2025-12-30 21:25:00.834 -06:00 [WRN] [LAG SPOKE] HonestWork TownJobBehavior.OnHourlyTick took 6ms
2025-12-30 21:25:01.667 -06:00 [WRN] [LAG SPOKE] HonestWork TownJobBehavior.OnHourlyTick took 7ms
2025-12-30 21:25:04.150 -06:00 [WRN] [LAG SPOKE] HonestWork TownJobBehavior.OnHourlyTick took 8ms
2025-12-30 21:25:04.474 -06:00 [INF] Player finished 8-hour shift as instructor.
2025-12-30 21:25:08.344 -06:00 [WRN] [LAG SPOKE] HonestWork TownJobBehavior.OnHourlyTick took 7ms
2025-12-30 21:25:11.169 -06:00 [INF] Player finished 8-hour shift as instructor.
2025-12-30 21:25:15.040 -06:00 [WRN] [LAG SPOKE] HonestWork TownJobBehavior.OnHourlyTick took 7ms
2025-12-30 21:25:17.524 -06:00 [WRN] [LAG SPOKE] HonestWork TownJobBehavior.OnHourlyTick took 8ms
2025-12-30 21:25:17.847 -06:00 [INF] Player finished 8-hour shift as instructor.
2025-12-30 21:25:19.166 -06:00 [WRN] [LAG SPOKE] HonestWork TownJobBehavior.OnHourlyTick took 8ms
2025-12-30 21:25:20.858 -06:00 [WRN] [LAG SPOKE] HonestWork TownJobBehavior.OnHourlyTick took 8ms
2025-12-30 21:25:21.689 -06:00 [WRN] [LAG SPOKE] HonestWork TownJobBehavior.OnHourlyTick took 7ms
2025-12-30 21:25:24.520 -06:00 [INF] Player finished 8-hour shift as instructor.
2025-12-30 21:25:28.366 -06:00 [WRN] [LAG SPOKE] HonestWork TownJobBehavior.OnHourlyTick took 7ms
2025-12-30 21:25:31.212 -06:00 [INF] Player finished 8-hour shift as instructor.
2025-12-30 21:25:35.032 -06:00 [WRN] [LAG SPOKE] HonestWork TownJobBehavior.OnHourlyTick took 7ms
2025-12-30 21:25:36.692 -06:00 [WRN] [LAG SPOKE] HonestWork TownJobBehavior.OnHourlyTick took 8ms
2025-12-30 21:25:37.882 -06:00 [INF] Player finished 8-hour shift as instructor.
2025-12-30 21:25:41.686 -06:00 [WRN] [LAG SPOKE] HonestWork TownJobBehavior.OnHourlyTick took 7ms
2025-12-30 21:25:44.558 -06:00 [INF] Player finished 8-hour shift as instructor.
2025-12-30 21:25:48.381 -06:00 [WRN] [LAG SPOKE] HonestWork TownJobBehavior.OnHourlyTick took 8ms
2025-12-30 21:25:51.255 -06:00 [INF] Player finished 8-hour shift as instructor.
2025-12-30 21:27:24.679 -06:00 [WRN] [LAG SPOKE] HonestWork TownJobBehavior.OnHourlyTick took 6ms
2025-12-30 21:27:27.539 -06:00 [INF] Player finished 8-hour shift as instructor.
2025-12-30 21:27:31.362 -06:00 [WRN] [LAG SPOKE] HonestWork TownJobBehavior.OnHourlyTick took 7ms
2025-12-30 21:27:34.213 -06:00 [INF] Player finished 8-hour shift as instructor.
2025-12-30 21:27:38.022 -06:00 [WRN] [LAG SPOKE] HonestWork TownJobBehavior.OnHourlyTick took 7ms
2025-12-30 21:27:40.914 -06:00 [INF] Player finished 8-hour shift as instructor.
2025-12-30 21:27:44.716 -06:00 [WRN] [LAG SPOKE] HonestWork TownJobBehavior.OnHourlyTick took 10ms
2025-12-30 21:27:46.376 -06:00 [WRN] [LAG SPOKE] HonestWork TownJobBehavior.OnHourlyTick took 7ms
2025-12-30 21:27:47.183 -06:00 [WRN] [LAG SPOKE] HonestWork TownJobBehavior.OnHourlyTick took 7ms
2025-12-30 21:27:47.584 -06:00 [INF] Player finished 8-hour shift as instructor.
2025-12-30 21:27:51.354 -06:00 [WRN] [LAG SPOKE] HonestWork TownJobBehavior.OnHourlyTick took 7ms
2025-12-30 21:27:52.196 -06:00 [WRN] [LAG SPOKE] HonestWork TownJobBehavior.OnHourlyTick took 17ms
2025-12-30 21:27:54.258 -06:00 [INF] Player finished 8-hour shift as instructor.
2025-12-30 21:27:58.063 -06:00 [WRN] [LAG SPOKE] HonestWork TownJobBehavior.OnHourlyTick took 7ms
2025-12-30 21:27:59.716 -06:00 [WRN] [LAG SPOKE] HonestWork TownJobBehavior.OnHourlyTick took 7ms
2025-12-30 21:28:02.608 -06:00 [INF] Player finished 8-hour shift as instructor.
2025-12-30 21:28:03.042 -06:00 [WRN] [LAG SPOKE] HonestWork TownJobBehavior.OnHourlyTick took 22ms
2025-12-30 21:28:06.368 -06:00 [WRN] [LAG SPOKE] HonestWork TownJobBehavior.OnHourlyTick took 7ms
2025-12-30 21:28:09.278 -06:00 [INF] Player finished 8-hour shift as instructor.
2025-12-30 21:28:13.032 -06:00 [WRN] [LAG SPOKE] HonestWork TownJobBehavior.OnHourlyTick took 7ms
2025-12-30 21:28:15.944 -06:00 [INF] Player finished 8-hour shift as instructor.
2025-12-30 21:28:17.215 -06:00 [WRN] [LAG SPOKE] HonestWork TownJobBehavior.OnHourlyTick took 8ms
2025-12-30 21:28:19.718 -06:00 [WRN] [LAG SPOKE] HonestWork TownJobBehavior.OnHourlyTick took 7ms
2025-12-30 21:28:22.646 -06:00 [INF] Player finished 8-hour shift as instructor.
2025-12-30 21:28:26.404 -06:00 [WRN] [LAG SPOKE] HonestWork TownJobBehavior.OnHourlyTick took 7ms
2025-12-30 21:28:29.319 -06:00 [INF] Player finished 8-hour shift as instructor.
2025-12-30 21:28:29.738 -06:00 [WRN] [LAG SPOKE] HonestWork TownJobBehavior.OnHourlyTick took 8ms
2025-12-30 21:28:33.053 -06:00 [WRN] [LAG SPOKE] HonestWork TownJobBehavior.OnHourlyTick took 7ms
2025-12-30 21:28:35.994 -06:00 [INF] Player finished 8-hour shift as instructor.
2025-12-30 21:28:39.745 -06:00 [WRN] [LAG SPOKE] HonestWork TownJobBehavior.OnHourlyTick took 7ms
2025-12-30 21:28:42.695 -06:00 [INF] Player finished 8-hour shift as instructor.
2025-12-30 21:28:43.954 -06:00 [WRN] [LAG SPOKE] HonestWork TownJobBehavior.OnHourlyTick took 8ms
2025-12-30 21:28:46.436 -06:00 [WRN] [LAG SPOKE] HonestWork TownJobBehavior.OnHourlyTick took 7ms
2025-12-30 21:28:49.366 -06:00 [INF] Player finished 8-hour shift as instructor.
2025-12-30 21:28:49.784 -06:00 [WRN] [LAG SPOKE] HonestWork TownJobBehavior.OnHourlyTick took 7ms
2025-12-30 21:28:50.614 -06:00 [WRN] [LAG SPOKE] HonestWork TownJobBehavior.OnHourlyTick took 7ms
2025-12-30 21:28:52.274 -06:00 [WRN] [LAG SPOKE] HonestWork TownJobBehavior.OnHourlyTick took 7ms
2025-12-30 21:28:53.105 -06:00 [WRN] [LAG SPOKE] HonestWork TownJobBehavior.OnHourlyTick took 7ms
2025-12-30 21:28:56.042 -06:00 [INF] Player finished 8-hour shift as instructor.
2025-12-30 21:28:57.258 -06:00 [WRN] [LAG SPOKE] HonestWork TownJobBehavior.OnHourlyTick took 8ms
2025-12-30 21:28:59.814 -06:00 [WRN] [LAG SPOKE] HonestWork TownJobBehavior.OnHourlyTick took 7ms
2025-12-30 21:29:01.489 -06:00 [WRN] [LAG SPOKE] HonestWork TownJobBehavior.OnHourlyTick took 7ms
2025-12-30 21:29:02.740 -06:00 [INF] Player finished 8-hour shift as instructor.
2025-12-30 21:29:06.478 -06:00 [WRN] [LAG SPOKE] HonestWork TownJobBehavior.OnHourlyTick took 7ms
2025-12-30 21:29:09.415 -06:00 [INF] Player finished 8-hour shift as instructor.
2025-12-30 21:29:13.117 -06:00 [WRN] [LAG SPOKE] HonestWork TownJobBehavior.OnHourlyTick took 7ms
2025-12-30 21:29:16.089 -06:00 [INF] Player finished 8-hour shift as instructor.
2025-12-30 21:29:19.837 -06:00 [WRN] [LAG SPOKE] HonestWork TownJobBehavior.OnHourlyTick took 7ms
2025-12-30 21:29:22.811 -06:00 [INF] Player finished 8-hour shift as instructor.
2025-12-30 21:29:24.002 -06:00 [WRN] [LAG SPOKE] HonestWork TownJobBehavior.OnHourlyTick took 7ms
2025-12-30 21:29:26.521 -06:00 [WRN] [LAG SPOKE] HonestWork TownJobBehavior.OnHourlyTick took 7ms
2025-12-30 21:29:29.479 -06:00 [INF] Player finished 8-hour shift as instructor.
2025-12-30 21:29:33.174 -06:00 [WRN] [LAG SPOKE] HonestWork TownJobBehavior.OnHourlyTick took 7ms
2025-12-30 21:29:36.157 -06:00 [INF] Player finished 8-hour shift as instructor.
2025-12-30 21:29:39.861 -06:00 [WRN] [LAG SPOKE] HonestWork TownJobBehavior.OnHourlyTick took 7ms
2025-12-30 21:29:42.866 -06:00 [INF] Player finished 8-hour shift as instructor.
2025-12-30 21:29:46.546 -06:00 [WRN] [LAG SPOKE] HonestWork TownJobBehavior.OnHourlyTick took 10ms
2025-12-30 21:29:48.212 -06:00 [WRN] [LAG SPOKE] HonestWork TownJobBehavior.OnHourlyTick took 7ms
2025-12-30 21:29:49.542 -06:00 [INF] Player finished 8-hour shift as instructor.
2025-12-30 21:29:53.197 -06:00 [WRN] [LAG SPOKE] HonestWork TownJobBehavior.OnHourlyTick took 7ms
2025-12-30 21:29:56.217 -06:00 [INF] Player finished 8-hour shift as instructor.
2025-12-30 21:29:59.910 -06:00 [WRN] [LAG SPOKE] HonestWork TownJobBehavior.OnHourlyTick took 7ms
2025-12-30 21:30:02.924 -06:00 [INF] Player finished 8-hour shift as instructor.
2025-12-30 21:30:03.233 -06:00 [WRN] [LAG SPOKE] HonestWork TownJobBehavior.OnHourlyTick took 7ms
2025-12-30 21:30:05.758 -06:00 [WRN] [LAG SPOKE] HonestWork TownJobBehavior.OnHourlyTick took 7ms
2025-12-30 21:30:06.596 -06:00 [WRN] [LAG SPOKE] HonestWork TownJobBehavior.OnHourlyTick took 7ms
2025-12-30 21:30:09.594 -06:00 [INF] Player finished 8-hour shift as instructor.
2025-12-30 21:30:13.253 -06:00 [WRN] [LAG SPOKE] HonestWork TownJobBehavior.OnHourlyTick took 13ms
2025-12-30 21:30:16.271 -06:00 [INF] Player finished 8-hour shift as instructor.
2025-12-30 21:30:19.964 -06:00 [WRN] [LAG SPOKE] HonestWork TownJobBehavior.OnHourlyTick took 8ms
2025-12-30 21:30:22.988 -06:00 [INF] Player finished 8-hour shift as instructor.
2025-12-30 21:30:24.149 -06:00 [WRN] [LAG SPOKE] HonestWork TownJobBehavior.OnHourlyTick took 7ms
2025-12-30 21:30:26.640 -06:00 [WRN] [LAG SPOKE] HonestWork TownJobBehavior.OnHourlyTick took 7ms
2025-12-30 21:30:29.662 -06:00 [INF] Player finished 8-hour shift as instructor.
2025-12-30 21:30:33.308 -06:00 [WRN] [LAG SPOKE] HonestWork TownJobBehavior.OnHourlyTick took 8ms
2025-12-30 21:30:36.338 -06:00 [INF] Player finished 8-hour shift as instructor.
2025-12-30 21:30:40.007 -06:00 [WRN] [LAG SPOKE] HonestWork TownJobBehavior.OnHourlyTick took 7ms
2025-12-30 21:30:43.052 -06:00 [INF] Player finished 8-hour shift as instructor.
2025-12-30 21:30:46.654 -06:00 [WRN] [LAG SPOKE] HonestWork TownJobBehavior.OnHourlyTick took 7ms
2025-12-30 21:30:47.514 -06:00 [WRN] [LAG SPOKE] HonestWork TownJobBehavior.OnHourlyTick took 8ms
2025-12-30 21:30:49.717 -06:00 [INF] Player finished 8-hour shift as instructor.
2025-12-30 21:30:53.330 -06:00 [WRN] [LAG SPOKE] HonestWork TownJobBehavior.OnHourlyTick took 7ms
2025-12-30 21:30:56.390 -06:00 [INF] Player finished 8-hour shift as instructor.
2025-12-30 21:30:57.521 -06:00 [WRN] [LAG SPOKE] HonestWork TownJobBehavior.OnHourlyTick took 8ms
2025-12-30 21:31:00.046 -06:00 [WRN] [LAG SPOKE] HonestWork TownJobBehavior.OnHourlyTick took 8ms
2025-12-30 21:31:03.114 -06:00 [INF] Player finished 8-hour shift as instructor.
2025-12-30 21:31:03.411 -06:00 [WRN] [LAG SPOKE] HonestWork TownJobBehavior.OnHourlyTick took 8ms
2025-12-30 21:31:06.726 -06:00 [WRN] [LAG SPOKE] HonestWork TownJobBehavior.OnHourlyTick took 7ms
2025-12-30 21:31:09.787 -06:00 [INF] Player finished 8-hour shift as instructor.
2025-12-30 21:31:13.394 -06:00 [WRN] [LAG SPOKE] HonestWork TownJobBehavior.OnHourlyTick took 10ms
2025-12-30 21:31:16.454 -06:00 [INF] Player finished 8-hour shift as instructor.
2025-12-30 21:31:17.576 -06:00 [WRN] [LAG SPOKE] HonestWork TownJobBehavior.OnHourlyTick took 11ms
2025-12-30 21:31:20.097 -06:00 [WRN] [LAG SPOKE] HonestWork TownJobBehavior.OnHourlyTick took 7ms
2025-12-30 21:31:20.927 -06:00 [WRN] [LAG SPOKE] HonestWork TownJobBehavior.OnHourlyTick took 8ms
2025-12-30 21:31:23.173 -06:00 [INF] Player finished 8-hour shift as instructor.
2025-12-30 21:31:26.775 -06:00 [WRN] [LAG SPOKE] HonestWork TownJobBehavior.OnHourlyTick took 7ms
2025-12-30 21:31:27.610 -06:00 [WRN] [LAG SPOKE] HonestWork TownJobBehavior.OnHourlyTick took 9ms
2025-12-30 21:31:29.858 -06:00 [INF] Player finished 8-hour shift as instructor.
2025-12-30 21:31:33.472 -06:00 [WRN] [LAG SPOKE] HonestWork TownJobBehavior.OnHourlyTick took 9ms
2025-12-30 21:31:36.531 -06:00 [INF] Player finished 8-hour shift as instructor.
2025-12-30 21:31:40.143 -06:00 [WRN] [LAG SPOKE] HonestWork TownJobBehavior.OnHourlyTick took 7ms
2025-12-30 21:31:43.257 -06:00 [INF] Player finished 8-hour shift as instructor.
2025-12-30 21:31:46.842 -06:00 [WRN] [LAG SPOKE] HonestWork TownJobBehavior.OnHourlyTick took 7ms
2025-12-30 21:31:49.925 -06:00 [INF] Player finished 8-hour shift as instructor.
2025-12-30 21:31:51.012 -06:00 [WRN] [LAG SPOKE] HonestWork TownJobBehavior.OnHourlyTick took 7ms
2025-12-30 21:31:53.503 -06:00 [WRN] [LAG SPOKE] HonestWork TownJobBehavior.OnHourlyTick took 7ms
2025-12-30 21:31:56.595 -06:00 [INF] Player finished 8-hour shift as instructor.
2025-12-30 21:32:00.215 -06:00 [WRN] [LAG SPOKE] HonestWork TownJobBehavior.OnHourlyTick took 7ms
2025-12-30 21:32:03.314 -06:00 [INF] Player finished 8-hour shift as instructor.
2025-12-30 21:32:05.212 -06:00 [WRN] [LAG SPOKE] HonestWork TownJobBehavior.OnHourlyTick took 7ms
2025-12-30 21:32:06.857 -06:00 [WRN] [LAG SPOKE] HonestWork TownJobBehavior.OnHourlyTick took 7ms
2025-12-30 21:32:09.989 -06:00 [INF] Player finished 8-hour shift as instructor.
2025-12-30 21:32:13.530 -06:00 [WRN] [LAG SPOKE] HonestWork TownJobBehavior.OnHourlyTick took 7ms
2025-12-30 21:32:16.659 -06:00 [INF] Player finished 8-hour shift as instructor.
2025-12-30 21:32:20.254 -06:00 [WRN] [LAG SPOKE] HonestWork TownJobBehavior.OnHourlyTick took 7ms
2025-12-30 21:32:22.745 -06:00 [WRN] [LAG SPOKE] HonestWork TownJobBehavior.OnHourlyTick took 8ms
2025-12-30 21:32:23.377 -06:00 [INF] Player finished 8-hour shift as instructor.
2025-12-30 21:32:26.909 -06:00 [WRN] [LAG SPOKE] HonestWork TownJobBehavior.OnHourlyTick took 7ms
2025-12-30 21:32:30.051 -06:00 [INF] Player finished 8-hour shift as instructor.
2025-12-30 21:32:33.593 -06:00 [WRN] [LAG SPOKE] HonestWork TownJobBehavior.OnHourlyTick took 7ms
2025-12-30 21:32:36.723 -06:00 [INF] Player finished 8-hour shift as instructor.
2025-12-30 21:32:40.302 -06:00 [WRN] [LAG SPOKE] HonestWork TownJobBehavior.OnHourlyTick took 7ms
2025-12-30 21:32:43.437 -06:00 [INF] Player finished 8-hour shift as instructor.
2025-12-30 21:32:46.950 -06:00 [WRN] [LAG SPOKE] HonestWork TownJobBehavior.OnHourlyTick took 7ms
2025-12-30 21:32:50.103 -06:00 [INF] Player finished 8-hour shift as instructor.
2025-12-30 21:32:53.636 -06:00 [WRN] [LAG SPOKE] HonestWork TownJobBehavior.OnHourlyTick took 10ms
2025-12-30 21:32:56.776 -06:00 [INF] Player finished 8-hour shift as instructor.
2025-12-30 21:32:56.974 -06:00 [WRN] [LAG SPOKE] HonestWork TownJobBehavior.OnHourlyTick took 6ms
2025-12-30 21:33:00.324 -06:00 [WRN] [LAG SPOKE] HonestWork TownJobBehavior.OnHourlyTick took 7ms
2025-12-30 21:33:01.158 -06:00 [WRN] [LAG SPOKE] HonestWork TownJobBehavior.OnHourlyTick took 7ms
2025-12-30 21:33:05.197 -06:00 [INF] Player finished 8-hour shift as instructor.
2025-12-30 21:33:07.866 -06:00 [WRN] [LAG SPOKE] HonestWork TownJobBehavior.OnHourlyTick took 6ms
2025-12-30 21:33:08.705 -06:00 [WRN] [LAG SPOKE] HonestWork TownJobBehavior.OnHourlyTick took 7ms
2025-12-30 21:33:11.867 -06:00 [INF] Player finished 8-hour shift as instructor.
2025-12-30 21:33:14.526 -06:00 [WRN] [LAG SPOKE] HonestWork TownJobBehavior.OnHourlyTick took 8ms
2025-12-30 21:33:15.362 -06:00 [WRN] [LAG SPOKE] HonestWork TownJobBehavior.OnHourlyTick took 7ms
2025-12-30 21:33:16.194 -06:00 [WRN] [LAG SPOKE] HonestWork TownJobBehavior.OnHourlyTick took 12ms
2025-12-30 21:33:17.853 -06:00 [WRN] [LAG SPOKE] HonestWork TownJobBehavior.OnHourlyTick took 8ms
2025-12-30 21:33:18.542 -06:00 [INF] Player finished 8-hour shift as instructor.
2025-12-30 21:33:22.088 -06:00 [WRN] [LAG SPOKE] HonestWork TownJobBehavior.OnHourlyTick took 9ms
2025-12-30 21:33:25.263 -06:00 [INF] Player finished 8-hour shift as instructor.
2025-12-30 21:33:25.415 -06:00 [WRN] [LAG SPOKE] HonestWork TownJobBehavior.OnHourlyTick took 7ms
2025-12-30 21:33:28.785 -06:00 [WRN] [LAG SPOKE] HonestWork TownJobBehavior.OnHourlyTick took 7ms
2025-12-30 21:33:31.959 -06:00 [INF] Player finished 8-hour shift as instructor.
2025-12-30 21:33:33.768 -06:00 [WRN] [LAG SPOKE] HonestWork TownJobBehavior.OnHourlyTick took 7ms
2025-12-30 21:33:35.452 -06:00 [WRN] [LAG SPOKE] HonestWork TownJobBehavior.OnHourlyTick took 7ms
2025-12-30 21:33:38.637 -06:00 [INF] Player finished 8-hour shift as instructor.
2025-12-30 21:33:42.152 -06:00 [WRN] [LAG SPOKE] HonestWork TownJobBehavior.OnHourlyTick took 7ms
2025-12-30 21:33:43.839 -06:00 [WRN] [LAG SPOKE] HonestWork TownJobBehavior.OnHourlyTick took 8ms
2025-12-30 21:33:45.352 -06:00 [INF] Player finished 8-hour shift as instructor.
2025-12-30 21:33:48.810 -06:00 [WRN] [LAG SPOKE] HonestWork TownJobBehavior.OnHourlyTick took 7ms
2025-12-30 21:33:51.302 -06:00 [WRN] [LAG SPOKE] HonestWork TownJobBehavior.OnHourlyTick took 9ms
2025-12-30 21:33:52.030 -06:00 [INF] Player finished 8-hour shift as instructor.
2025-12-30 21:33:55.487 -06:00 [WRN] [LAG SPOKE] HonestWork TownJobBehavior.OnHourlyTick took 7ms
2025-12-30 21:33:58.704 -06:00 [INF] Player finished 8-hour shift as instructor.
2025-12-30 21:34:02.224 -06:00 [WRN] [LAG SPOKE] HonestWork TownJobBehavior.OnHourlyTick took 7ms
2025-12-30 21:34:05.425 -06:00 [INF] Player finished 8-hour shift as instructor.
2025-12-30 21:34:08.861 -06:00 [WRN] [LAG SPOKE] HonestWork TownJobBehavior.OnHourlyTick took 7ms
2025-12-30 21:34:12.100 -06:00 [INF] Player finished 8-hour shift as instructor.
2025-12-30 21:34:15.554 -06:00 [WRN] [LAG SPOKE] HonestWork TownJobBehavior.OnHourlyTick took 7ms
2025-12-30 21:34:18.773 -06:00 [INF] Player finished 8-hour shift as instructor.
2025-12-30 21:34:22.273 -06:00 [WRN] [LAG SPOKE] HonestWork TownJobBehavior.OnHourlyTick took 7ms
2025-12-30 21:34:23.116 -06:00 [WRN] [LAG SPOKE] HonestWork TownJobBehavior.OnHourlyTick took 8ms
2025-12-30 21:34:25.494 -06:00 [INF] Player finished 8-hour shift as instructor.
2025-12-30 21:34:25.573 -06:00 [WRN] [LAG SPOKE] HonestWork TownJobBehavior.OnHourlyTick took 8ms
2025-12-30 21:35:16.504 -06:00 [WRN] [LAG SPOKE] HonestWork TownJobBehavior.OnHourlyTick took 7ms
2025-12-30 21:35:19.752 -06:00 [INF] Player finished 8-hour shift as instructor.
2025-12-30 21:35:23.189 -06:00 [WRN] [LAG SPOKE] HonestWork TownJobBehavior.OnHourlyTick took 7ms
2025-12-30 21:35:26.428 -06:00 [INF] Player finished 8-hour shift as instructor.
2025-12-30 21:35:26.528 -06:00 [WRN] [LAG SPOKE] HonestWork TownJobBehavior.OnHourlyTick took 8ms
2025-12-30 21:35:29.908 -06:00 [WRN] [LAG SPOKE] HonestWork TownJobBehavior.OnHourlyTick took 7ms
2025-12-30 21:35:31.541 -06:00 [WRN] [LAG SPOKE] HonestWork TownJobBehavior.OnHourlyTick took 7ms
2025-12-30 21:35:33.150 -06:00 [INF] Player finished 8-hour shift as instructor.
2025-12-30 21:35:39.100 -06:00 [WRN] [LAG SPOKE] HonestWork TownJobBehavior.OnHourlyTick took 7ms
2025-12-30 21:35:42.350 -06:00 [INF] Player finished 8-hour shift as instructor.
2025-12-30 21:35:44.102 -06:00 [WRN] [LAG SPOKE] HonestWork TownJobBehavior.OnHourlyTick took 11ms
2025-12-30 21:35:45.735 -06:00 [WRN] [LAG SPOKE] HonestWork TownJobBehavior.OnHourlyTick took 7ms
2025-12-30 21:35:49.017 -06:00 [INF] Player finished 8-hour shift as instructor.
2025-12-30 21:35:52.477 -06:00 [WRN] [LAG SPOKE] HonestWork TownJobBehavior.OnHourlyTick took 11ms
2025-12-30 21:35:55.746 -06:00 [INF] Player finished 8-hour shift as instructor.
2025-12-30 21:35:55.814 -06:00 [WRN] [LAG SPOKE] HonestWork TownJobBehavior.OnHourlyTick took 8ms
2025-12-30 21:35:59.160 -06:00 [WRN] [LAG SPOKE] HonestWork TownJobBehavior.OnHourlyTick took 7ms
2025-12-30 21:36:00.020 -06:00 [WRN] [LAG SPOKE] HonestWork TownJobBehavior.OnHourlyTick took 6ms
2025-12-30 21:36:16.886 -06:00 [WRN] [LAG SPOKE] HonestWork TownJobBehavior.OnHourlyTick took 6ms
2025-12-30 21:36:21.881 -06:00 [WRN] [LAG SPOKE] HonestWork TownJobBehavior.OnHourlyTick took 8ms
2025-12-30 21:36:44.378 -06:00 [WRN] [LAG SPOKE] HonestWork TownJobBehavior.OnHourlyTick took 6ms
2025-12-30 21:36:47.736 -06:00 [WRN] [LAG SPOKE] HonestWork TownJobBehavior.OnHourlyTick took 7ms
2025-12-30 21:36:49.400 -06:00 [WRN] [LAG SPOKE] HonestWork TownJobBehavior.OnHourlyTick took 6ms
2025-12-30 21:36:54.397 -06:00 [WRN] [LAG SPOKE] HonestWork TownJobBehavior.OnHourlyTick took 7ms
2025-12-30 21:36:56.920 -06:00 [WRN] [LAG SPOKE] HonestWork TownJobBehavior.OnHourlyTick took 7ms
2025-12-30 21:37:30.179 -06:00 [WRN] [LAG SPOKE] HonestWork TownJobBehavior.OnHourlyTick took 10ms
2025-12-30 21:37:36.934 -06:00 [WRN] [LAG SPOKE] HonestWork TownJobBehavior.OnHourlyTick took 7ms
2025-12-30 21:37:40.284 -06:00 [WRN] [LAG SPOKE] HonestWork TownJobBehavior.OnHourlyTick took 8ms
2025-12-30 21:37:43.611 -06:00 [WRN] [LAG SPOKE] HonestWork TownJobBehavior.OnHourlyTick took 7ms
2025-12-30 21:37:50.271 -06:00 [WRN] [LAG SPOKE] HonestWork TownJobBehavior.OnHourlyTick took 13ms
2025-12-30 21:37:56.968 -06:00 [WRN] [LAG SPOKE] HonestWork TownJobBehavior.OnHourlyTick took 7ms
2025-12-30 21:38:05.457 -06:00 [WRN] [LAG SPOKE] HonestWork TownJobBehavior.OnHourlyTick took 8ms
2025-12-30 21:38:10.424 -06:00 [WRN] [LAG SPOKE] HonestWork TownJobBehavior.OnHourlyTick took 9ms
2025-12-30 21:38:12.111 -06:00 [WRN] [LAG SPOKE] HonestWork TownJobBehavior.OnHourlyTick took 8ms
2025-12-30 21:38:14.593 -06:00 [WRN] [LAG SPOKE] HonestWork TownJobBehavior.OnHourlyTick took 7ms
2025-12-30 21:38:18.854 -06:00 [WRN] [LAG SPOKE] HonestWork TownJobBehavior.OnHourlyTick took 7ms
2025-12-30 21:38:25.499 -06:00 [WRN] [LAG SPOKE] HonestWork TownJobBehavior.OnHourlyTick took 7ms
2025-12-30 21:38:32.197 -06:00 [WRN] [LAG SPOKE] HonestWork TownJobBehavior.OnHourlyTick took 8ms
2025-12-30 21:38:38.890 -06:00 [WRN] [LAG SPOKE] HonestWork TownJobBehavior.OnHourlyTick took 7ms
2025-12-30 21:38:40.583 -06:00 [WRN] [LAG SPOKE] HonestWork TownJobBehavior.OnHourlyTick took 8ms
2025-12-30 21:38:44.715 -06:00 [WRN] [LAG SPOKE] HonestWork TownJobBehavior.OnHourlyTick took 8ms
2025-12-30 21:38:45.569 -06:00 [WRN] [LAG SPOKE] HonestWork TownJobBehavior.OnHourlyTick took 8ms
2025-12-30 21:39:17.203 -06:00 [WRN] [LAG SPOKE] HonestWork TownJobBehavior.OnHourlyTick took 7ms
2025-12-30 21:39:23.953 -06:00 [WRN] [LAG SPOKE] HonestWork TownJobBehavior.OnHourlyTick took 7ms
2025-12-30 21:39:29.762 -06:00 [WRN] [LAG SPOKE] HonestWork TownJobBehavior.OnHourlyTick took 6ms
2025-12-30 21:39:30.602 -06:00 [WRN] [LAG SPOKE] HonestWork TownJobBehavior.OnHourlyTick took 8ms
2025-12-30 21:39:31.458 -06:00 [WRN] [LAG SPOKE] HonestWork TownJobBehavior.OnHourlyTick took 6ms
2025-12-30 21:39:37.280 -06:00 [WRN] [LAG SPOKE] HonestWork TownJobBehavior.OnHourlyTick took 7ms
2025-12-30 21:39:48.885 -06:00 [WRN] [LAG SPOKE] HonestWork TownJobBehavior.OnHourlyTick took 6ms
2025-12-30 21:39:50.671 -06:00 [WRN] [LAG SPOKE] HonestWork TownJobBehavior.OnHourlyTick took 8ms
2025-12-30 21:39:53.985 -06:00 [WRN] [LAG SPOKE] HonestWork TownJobBehavior.OnHourlyTick took 9ms
2025-12-30 21:41:12.132 -06:00 [WRN] [LAG SPOKE] HonestWork TownJobBehavior.OnHourlyTick took 6ms
2025-12-30 21:41:12.930 -06:00 [WRN] [LAG SPOKE] HonestWork TownJobBehavior.OnHourlyTick took 8ms
2025-12-30 21:41:19.624 -06:00 [WRN] [LAG SPOKE] HonestWork TownJobBehavior.OnHourlyTick took 9ms
2025-12-30 21:41:40.318 -06:00 [WRN] [LAG SPOKE] HonestWork TownJobBehavior.OnHourlyTick took 7ms
2025-12-30 21:41:50.478 -06:00 [WRN] [LAG SPOKE] HonestWork TownJobBehavior.OnHourlyTick took 8ms
2025-12-30 21:42:09.928 -06:00 [WRN] [LAG SPOKE] HonestWork TownJobBehavior.OnHourlyTick took 8ms
2025-12-30 21:42:11.313 -06:00 [INF] Player finished 8-hour shift as outrider.
2025-12-30 21:42:11.591 -06:00 [WRN] [LAG SPOKE] HonestWork TownJobBehavior.OnHourlyTick took 8ms
2025-12-30 21:42:13.251 -06:00 [WRN] [LAG SPOKE] HonestWork TownJobBehavior.OnHourlyTick took 8ms
2025-12-30 21:42:16.686 -06:00 [WRN] [LAG SPOKE] HonestWork TownJobBehavior.OnHourlyTick took 8ms
2025-12-30 21:42:27.992 -06:00 [INF] Player finished 8-hour shift as outrider.
2025-12-30 21:42:29.104 -06:00 [WRN] [LAG SPOKE] HonestWork TownJobBehavior.OnHourlyTick took 6ms
2025-12-30 21:42:30.762 -06:00 [WRN] [LAG SPOKE] HonestWork TownJobBehavior.OnHourlyTick took 11ms
2025-12-30 21:42:32.410 -06:00 [WRN] [LAG SPOKE] HonestWork TownJobBehavior.OnHourlyTick took 6ms
2025-12-30 21:42:33.272 -06:00 [WRN] [LAG SPOKE] HonestWork TownJobBehavior.OnHourlyTick took 8ms
2025-12-30 21:42:34.100 -06:00 [WRN] [LAG SPOKE] HonestWork TownJobBehavior.OnHourlyTick took 10ms
2025-12-30 21:42:34.663 -06:00 [INF] Player finished 8-hour shift as outrider.
2025-12-30 21:42:37.433 -06:00 [WRN] [LAG SPOKE] HonestWork TownJobBehavior.OnHourlyTick took 11ms
2025-12-30 21:42:39.931 -06:00 [WRN] [LAG SPOKE] HonestWork TownJobBehavior.OnHourlyTick took 7ms
2025-12-30 21:42:41.336 -06:00 [INF] Player finished 8-hour shift as outrider.
2025-12-30 21:42:46.658 -06:00 [WRN] [LAG SPOKE] HonestWork TownJobBehavior.OnHourlyTick took 8ms
2025-12-30 21:42:48.066 -06:00 [INF] Player finished 8-hour shift as outrider.
2025-12-30 21:42:53.324 -06:00 [WRN] [LAG SPOKE] HonestWork TownJobBehavior.OnHourlyTick took 8ms
2025-12-30 21:42:54.735 -06:00 [INF] Player finished 8-hour shift as outrider.
2025-12-30 21:42:58.305 -06:00 [WRN] [LAG SPOKE] HonestWork TownJobBehavior.OnHourlyTick took 8ms
2025-12-30 21:42:59.967 -06:00 [WRN] [LAG SPOKE] HonestWork TownJobBehavior.OnHourlyTick took 7ms
2025-12-30 21:43:01.411 -06:00 [INF] Player finished 8-hour shift as outrider.
2025-12-30 21:43:08.466 -06:00 [WRN] [LAG SPOKE] HonestWork TownJobBehavior.OnHourlyTick took 8ms
2025-12-30 21:43:09.883 -06:00 [INF] Player finished 8-hour shift as outrider.
2025-12-30 21:43:11.773 -06:00 [WRN] [LAG SPOKE] HonestWork TownJobBehavior.OnHourlyTick took 12ms
2025-12-30 21:43:14.309 -06:00 [WRN] [LAG SPOKE] HonestWork TownJobBehavior.OnHourlyTick took 6ms
2025-12-30 21:43:15.130 -06:00 [WRN] [LAG SPOKE] HonestWork TownJobBehavior.OnHourlyTick took 7ms
2025-12-30 21:43:16.551 -06:00 [INF] Player finished 8-hour shift as outrider.
2025-12-30 21:43:21.763 -06:00 [WRN] [LAG SPOKE] HonestWork TownJobBehavior.OnHourlyTick took 8ms
2025-12-30 21:43:23.222 -06:00 [INF] Player finished 8-hour shift as outrider.
2025-12-30 21:43:28.509 -06:00 [WRN] [LAG SPOKE] HonestWork TownJobBehavior.OnHourlyTick took 8ms
2025-12-30 21:43:29.944 -06:00 [INF] Player finished 8-hour shift as outrider.
2025-12-30 21:43:31.016 -06:00 [WRN] [LAG SPOKE] HonestWork TownJobBehavior.OnHourlyTick took 9ms
2025-12-30 21:43:35.159 -06:00 [WRN] [LAG SPOKE] HonestWork TownJobBehavior.OnHourlyTick took 8ms
2025-12-30 21:43:36.613 -06:00 [INF] Player finished 8-hour shift as outrider.
2025-12-30 21:43:41.834 -06:00 [WRN] [LAG SPOKE] HonestWork TownJobBehavior.OnHourlyTick took 8ms
2025-12-30 21:43:42.674 -06:00 [WRN] [LAG SPOKE] HonestWork TownJobBehavior.OnHourlyTick took 6ms
2025-12-30 21:43:43.283 -06:00 [INF] Player finished 8-hour shift as outrider.
2025-12-30 21:43:48.642 -06:00 [WRN] [LAG SPOKE] HonestWork TownJobBehavior.OnHourlyTick took 9ms
2025-12-30 21:43:50.090 -06:00 [INF] Player finished 8-hour shift as outrider.
2025-12-30 21:43:55.296 -06:00 [WRN] [LAG SPOKE] HonestWork TownJobBehavior.OnHourlyTick took 8ms
2025-12-30 21:43:56.759 -06:00 [INF] Player finished 8-hour shift as outrider.
2025-12-30 21:44:01.960 -06:00 [WRN] [LAG SPOKE] HonestWork TownJobBehavior.OnHourlyTick took 8ms
2025-12-30 21:44:03.427 -06:00 [INF] Player finished 8-hour shift as outrider.
2025-12-30 21:44:04.458 -06:00 [WRN] [LAG SPOKE] HonestWork TownJobBehavior.OnHourlyTick took 8ms
2025-12-30 21:44:08.714 -06:00 [WRN] [LAG SPOKE] HonestWork TownJobBehavior.OnHourlyTick took 7ms
2025-12-30 21:44:13.032 -06:00 [INF] Player finished 8-hour shift as outrider.
2025-12-30 21:44:18.236 -06:00 [WRN] [LAG SPOKE] HonestWork TownJobBehavior.OnHourlyTick took 7ms
2025-12-30 21:44:19.702 -06:00 [INF] Player finished 8-hour shift as outrider.
2025-12-30 21:44:24.897 -06:00 [WRN] [LAG SPOKE] HonestWork TownJobBehavior.OnHourlyTick took 7ms
2025-12-30 21:44:26.378 -06:00 [INF] Player finished 8-hour shift as outrider.
2025-12-30 21:44:31.655 -06:00 [WRN] [LAG SPOKE] HonestWork TownJobBehavior.OnHourlyTick took 7ms
2025-12-30 21:44:33.128 -06:00 [INF] Player finished 8-hour shift as outrider.
2025-12-30 21:44:38.321 -06:00 [WRN] [LAG SPOKE] HonestWork TownJobBehavior.OnHourlyTick took 7ms
2025-12-30 21:44:39.802 -06:00 [INF] Player finished 8-hour shift as outrider.
2025-12-30 21:44:40.794 -06:00 [WRN] [LAG SPOKE] HonestWork TownJobBehavior.OnHourlyTick took 8ms
2025-12-30 21:44:44.965 -06:00 [WRN] [LAG SPOKE] HonestWork TownJobBehavior.OnHourlyTick took 7ms
2025-12-30 21:44:46.470 -06:00 [INF] Player finished 8-hour shift as outrider.
2025-12-30 21:45:11.657 -06:00 [INF] HonestWork Unloaded.
2025-12-31 03:04:20.141 -06:00 [INF] HonestWork Loaded. Logging Initialized.
2025-12-31 03:04:35.232 -06:00 [INF] TownJobBehavior Added.
2025-12-31 03:04:35.232 -06:00 [INF] VillageLaborBehavior Added.
2025-12-31 03:04:35.232 -06:00 [INF] CastleJobBehavior Added.
2025-12-31 03:04:46.232 -06:00 [INF] HonestWork: Castle Menus Initialized.
2025-12-31 03:04:46.234 -06:00 [INF] VillageLaborBehavior: Initializing Menus...
2025-12-31 03:04:46.234 -06:00 [INF] VillageLaborBehavior: Menus Initialized.
2025-12-31 03:04:46.236 -06:00 [INF] HonestWork Game Menus initialized successfully.
2025-12-31 03:05:22.382 -06:00 [INF] HonestWork Unloaded.
